Log file open, 01/27/22 21:10:22
LogWindows: Failed to load 'aqProf.dll' (GetLastError=126)
LogWindows: File 'aqProf.dll' does not exist
LogWindows: Failed to load 'VtuneApi.dll' (GetLastError=126)
LogWindows: File 'VtuneApi.dll' does not exist
LogWindows: Failed to load 'VtuneApi32e.dll' (GetLastError=126)
LogWindows: File 'VtuneApi32e.dll' does not exist
LogConsoleResponse: Display: Failed to find resolution value strings in scalability ini. Falling back to default.
LogConsoleResponse: Display: Failed to find resolution value strings in scalability ini. Falling back to default.
LogInit: Display: Running engine for game: GC_UE4CPP
LogPlatformFile: Not using cached read wrapper
LogTaskGraph: Started task graph with 5 named threads and 47 total threads with 3 sets of task threads.
LogStats: Stats thread started at 0.378943
LogICUInternationalization: ICU TimeZone Detection - Raw Offset: +1:00, Platform Override: ''
LogInit: Display: Loading text-based GConfig....
LogPluginManager: Mounting plugin MeshPainting
LogPluginManager: Mounting plugin XGEController
LogPluginManager: Mounting plugin Paper2D
LogPluginManager: Mounting plugin LightPropagationVolume
LogPluginManager: Mounting plugin AISupport
LogPluginManager: Mounting plugin EnvironmentQueryEditor
LogPluginManager: Mounting plugin LiveLink
LogPluginManager: Mounting plugin OodleNetwork
LogPluginManager: Mounting plugin OodleData
LogPluginManager: Mounting plugin CryptoKeys
LogPluginManager: Mounting plugin AssetManagerEditor
LogPluginManager: Mounting plugin CurveEditorTools
LogPluginManager: Mounting plugin FacialAnimation
LogPluginManager: Mounting plugin DataValidation
LogPluginManager: Mounting plugin GameplayTagsEditor
LogPluginManager: Mounting plugin GeometryMode
LogPluginManager: Mounting plugin MacGraphicsSwitching
LogPluginManager: Mounting plugin MaterialAnalyzer
LogPluginManager: Mounting plugin MobileLauncherProfileWizard
LogPluginManager: Mounting plugin PluginBrowser
LogPluginManager: Mounting plugin SpeedTreeImporter
LogPluginManager: Mounting plugin DatasmithContent
LogPluginManager: Mounting plugin Niagara
LogPluginManager: Mounting plugin VariantManagerContent
LogPluginManager: Mounting plugin AlembicImporter
LogPluginManager: Mounting plugin AutomationUtils
LogPluginManager: Mounting plugin BackChannel
LogPluginManager: Mounting plugin ChaosCloth
LogPluginManager: Mounting plugin ChaosClothEditor
LogPluginManager: Mounting plugin ChaosNiagara
LogPluginManager: Mounting plugin ChaosEditor
LogPluginManager: Mounting plugin ChaosSolverPlugin
LogPluginManager: Mounting plugin CharacterAI
LogPluginManager: Mounting plugin GeometryCache
LogPluginManager: Mounting plugin GeometryProcessing
LogPluginManager: Mounting plugin GeometryCollectionPlugin
LogPluginManager: Mounting plugin MotoSynth
LogPluginManager: Mounting plugin OpenImageDenoise
LogPluginManager: Mounting plugin PlanarCut
LogPluginManager: Mounting plugin ProxyLODPlugin
LogPluginManager: Mounting plugin PlatformCrypto
LogPluginManager: Mounting plugin PythonScriptPlugin
LogPluginManager: Mounting plugin SkeletalReduction
LogPluginManager: Mounting plugin LuminPlatformFeatures
LogPluginManager: Mounting plugin MagicLeap
LogPluginManager: Mounting plugin MagicLeapLightEstimation
LogPluginManager: Mounting plugin MagicLeapMedia
LogPluginManager: Mounting plugin MagicLeapPassableWorld
LogPluginManager: Mounting plugin MLSDK
LogPluginManager: Mounting plugin AndroidMedia
LogPluginManager: Mounting plugin AvfMedia
LogPluginManager: Mounting plugin ImgMedia
LogPluginManager: Mounting plugin MediaCompositing
LogPluginManager: Mounting plugin TcpMessaging
LogPluginManager: Mounting plugin UdpMessaging
LogPluginManager: Mounting plugin MediaPlayerEditor
LogPluginManager: Mounting plugin WebMMedia
LogPluginManager: Mounting plugin ActorSequence
LogPluginManager: Mounting plugin WmfMedia
LogPluginManager: Mounting plugin LauncherChunkInstaller
LogPluginManager: Mounting plugin LevelSequenceEditor
LogPluginManager: Mounting plugin MatineeToLevelSequence
LogPluginManager: Mounting plugin OnlineSubsystem
LogPluginManager: Mounting plugin TemplateSequence
LogPluginManager: Mounting plugin ActorLayerUtilities
LogPluginManager: Mounting plugin AndroidDeviceProfileSelector
LogPluginManager: Mounting plugin AndroidMoviePlayer
LogPluginManager: Mounting plugin OnlineSubsystemNull
LogPluginManager: Mounting plugin AndroidPermission
LogPluginManager: Mounting plugin AppleImageUtils
LogPluginManager: Mounting plugin AppleMoviePlayer
LogPluginManager: Mounting plugin OnlineSubsystemUtils
LogPluginManager: Mounting plugin ArchVisCharacter
LogPluginManager: Mounting plugin AssetTags
LogPluginManager: Mounting plugin AudioCapture
LogPluginManager: Mounting plugin AudioSynesthesia
LogPluginManager: Mounting plugin CableComponent
LogPluginManager: Mounting plugin CustomMeshComponent
LogPluginManager: Mounting plugin ChunkDownloader
LogPluginManager: Mounting plugin ExampleDeviceProfileSelector
LogPluginManager: Mounting plugin EditableMesh
LogPluginManager: Mounting plugin GoogleCloudMessaging
LogPluginManager: Mounting plugin GooglePAD
LogPluginManager: Mounting plugin IOSDeviceProfileSelector
LogPluginManager: Mounting plugin LinuxDeviceProfileSelector
LogPluginManager: Mounting plugin LocationServicesBPLibrary
LogPluginManager: Mounting plugin MobilePatchingUtils
LogPluginManager: Mounting plugin OpenXR
LogPluginManager: Mounting plugin OpenXRHandTracking
LogPluginManager: Mounting plugin OpenXREyeTracker
LogPluginManager: Mounting plugin PhysXVehicles
LogPluginManager: Mounting plugin PostSplashScreen
LogPluginManager: Mounting plugin ProceduralMeshComponent
LogPluginManager: Mounting plugin PropertyAccessEditor
LogPluginManager: Mounting plugin RuntimePhysXCooking
LogPluginManager: Mounting plugin SignificanceManager
LogPluginManager: Mounting plugin SoundFields
LogPluginManager: Mounting plugin Synthesis
LogPluginManager: Mounting plugin WebMMoviePlayer
LogPluginManager: Mounting plugin WindowsMoviePlayer
LogPluginManager: Mounting plugin ScreenshotTools
LogPluginManager: Mounting plugin CameraShakePreviewer
LogPluginManager: Mounting plugin AnimationSharing
LogPluginManager: Mounting plugin GameplayCameras
LogPluginManager: Mounting plugin CLionSourceCodeAccess
LogPluginManager: Mounting plugin Takes
LogPluginManager: Mounting plugin CodeLiteSourceCodeAccess
LogPluginManager: Mounting plugin GitSourceControl
LogPluginManager: Mounting plugin NullSourceCodeAccess
LogPluginManager: Mounting plugin KDevelopSourceCodeAccess
LogPluginManager: Mounting plugin PerforceSourceControl
LogPluginManager: Mounting plugin PlasticSourceControl
LogPluginManager: Mounting plugin PixWinPlugin
LogPluginManager: Mounting plugin PluginUtils
LogPluginManager: Mounting plugin PropertyAccessNode
LogPluginManager: Mounting plugin RiderLink
LogPluginManager: Mounting plugin RiderSourceCodeAccess
LogPluginManager: Mounting plugin UObjectPlugin
LogPluginManager: Mounting plugin SubversionSourceControl
LogPluginManager: Mounting plugin TextureFormatOodle
LogPluginManager: Mounting plugin VisualStudioCodeSourceCodeAccess
LogPluginManager: Mounting plugin XCodeSourceCodeAccess
LogPluginManager: Mounting plugin VisualStudioSourceCodeAccess
LogPluginManager: Mounting plugin ContentBrowserClassDataSource
LogPluginManager: Mounting plugin ContentBrowserAssetDataSource
LogPluginManager: Mounting plugin ContentBrowserFileDataSource
LogPluginManager: Mounting plugin OnlineSubsystemGooglePlay
LogPluginManager: Mounting plugin OnlineSubsystemIOS
LogPluginManager: Mounting plugin OculusVR
LogPluginManager: Mounting plugin SteamVR
LogInit: Using libcurl 7.55.1-DEV
LogInit:  - built for x86_64-pc-win32
LogInit:  - supports SSL with OpenSSL/1.1.1
LogInit:  - supports HTTP deflate (compression) using libz 1.2.8
LogInit:  - other features:
LogInit:      CURL_VERSION_SSL
LogInit:      CURL_VERSION_LIBZ
LogInit:      CURL_VERSION_IPV6
LogInit:      CURL_VERSION_ASYNCHDNS
LogInit:      CURL_VERSION_LARGEFILE
LogInit:      CURL_VERSION_IDN
LogInit:  CurlRequestOptions (configurable via config and command line):
LogInit:  - bVerifyPeer = true  - Libcurl will verify peer certificate
LogInit:  - bUseHttpProxy = false  - Libcurl will NOT use HTTP proxy
LogInit:  - bDontReuseConnections = false  - Libcurl will reuse connections
LogInit:  - MaxHostConnections = 16  - Libcurl will limit the number of connections to a host
LogInit:  - LocalHostAddr = Default
LogInit:  - BufferSize = 65536
LogOnline: OSS: Creating online subsystem instance for: NULL
LogInit: WinSock: version 1.1 (2.2), MaxSocks=32767, MaxUdp=65467
LogOnline: OSS: TryLoadSubsystemAndSetDefault: Loaded subsystem for module [NULL]
PixWinPlugin: PIX capture plugin failed to initialize! Check that the process is launched from PIX.
LogOculusPluginWrapper: OculusPlugin initialized successfully
LogHMD: Failed initializing OVRPlugin 1.59.0
LogInit: Build: ++UE4+Release-4.27-CL-18319896
LogInit: Engine Version: 4.27.2-18319896+++UE4+Release-4.27
LogInit: Compatible Engine Version: 4.27.0-17155196+++UE4+Release-4.27
LogInit: Net CL: 17155196
LogInit: OS: Windows 10 (Release 2009) (), CPU: AMD Ryzen 7 3700X 8-Core Processor             , GPU: NVIDIA GeForce RTX 2060 SUPER
LogInit: Compiled (64-bit): Nov 30 2021 07:12:08
LogInit: Compiled with Visual C++: 19.24.28315.00
LogInit: Build Configuration: Development
LogInit: Branch Name: ++UE4+Release-4.27
LogInit: Command Line: 
LogInit: Base Directory: E:/EpicGamesLibrary/UE_4.27/Engine/Binaries/Win64/
LogInit: Allocator: TBB
LogInit: Installed Engine Build: 1
LogDevObjectVersion: Number of dev versions registered: 29
LogDevObjectVersion:   Dev-Blueprints (B0D832E4-1F89-4F0D-ACCF-7EB736FD4AA2): 10
LogDevObjectVersion:   Dev-Build (E1C64328-A22C-4D53-A36C-8E866417BD8C): 0
LogDevObjectVersion:   Dev-Core (375EC13C-06E4-48FB-B500-84F0262A717E): 4
LogDevObjectVersion:   Dev-Editor (E4B068ED-F494-42E9-A231-DA0B2E46BB41): 40
LogDevObjectVersion:   Dev-Framework (CFFC743F-43B0-4480-9391-14DF171D2073): 37
LogDevObjectVersion:   Dev-Mobile (B02B49B5-BB20-44E9-A304-32B752E40360): 3
LogDevObjectVersion:   Dev-Networking (A4E4105C-59A1-49B5-A7C5-40C4547EDFEE): 0
LogDevObjectVersion:   Dev-Online (39C831C9-5AE6-47DC-9A44-9C173E1C8E7C): 0
LogDevObjectVersion:   Dev-Physics (78F01B33-EBEA-4F98-B9B4-84EACCB95AA2): 14
LogDevObjectVersion:   Dev-Platform (6631380F-2D4D-43E0-8009-CF276956A95A): 0
LogDevObjectVersion:   Dev-Rendering (12F88B9F-8875-4AFC-A67C-D90C383ABD29): 45
LogDevObjectVersion:   Dev-Sequencer (7B5AE74C-D270-4C10-A958-57980B212A5A): 13
LogDevObjectVersion:   Dev-VR (D7296918-1DD6-4BDD-9DE2-64A83CC13884): 3
LogDevObjectVersion:   Dev-LoadTimes (C2A15278-BFE7-4AFE-6C17-90FF531DF755): 1
LogDevObjectVersion:   Private-Geometry (6EACA3D4-40EC-4CC1-B786-8BED09428FC5): 3
LogDevObjectVersion:   Dev-AnimPhys (29E575DD-E0A3-4627-9D10-D276232CDCEA): 17
LogDevObjectVersion:   Dev-Anim (AF43A65D-7FD3-4947-9873-3E8ED9C1BB05): 15
LogDevObjectVersion:   Dev-ReflectionCapture (6B266CEC-1EC7-4B8F-A30B-E4D90942FC07): 1
LogDevObjectVersion:   Dev-Automation (0DF73D61-A23F-47EA-B727-89E90C41499A): 1
LogDevObjectVersion:   FortniteMain (601D1886-AC64-4F84-AA16-D3DE0DEAC7D6): 47
LogDevObjectVersion:   FortniteRelease (E7086368-6B23-4C58-8439-1B7016265E91): 1
LogDevObjectVersion:   Dev-Enterprise (9DFFBCD6-494F-0158-E221-12823C92A888): 10
LogDevObjectVersion:   Dev-Niagara (F2AED0AC-9AFE-416F-8664-AA7FFA26D6FC): 1
LogDevObjectVersion:   Dev-Destruction (174F1F0B-B4C6-45A5-B13F-2EE8D0FB917D): 10
LogDevObjectVersion:   Dev-Physics-Ext (35F94A83-E258-406C-A318-09F59610247C): 41
LogDevObjectVersion:   Dev-PhysicsMaterial-Chaos (B68FC16E-8B1B-42E2-B453-215C058844FE): 1
LogDevObjectVersion:   Dev-CineCamera (B2E18506-4273-CFC2-A54E-F4BB758BBA07): 1
LogDevObjectVersion:   Dev-VirtualProduction (64F58936-FD1B-42BA-BA96-7289D5D0FA4E): 1
LogDevObjectVersion:   Dev-MediaFramework (6F0ED827-A609-4895-9C91-998D90180EA4): 2
LogInit: Presizing for max 25165824 objects, including 0 objects not considered by GC, pre-allocating 0 bytes for permanent pool.
LogConfig: Applying CVar settings from Section [/Script/Engine.StreamingSettings] File [C:/Users/robin/Documents/GitHub/P5_UE4/GC_UE4CPP/Saved/Config/Windows/Engine.ini]
LogConfig: Setting CVar [[s.MinBulkDataSizeForAsyncLoading:131072]]
LogConfig: Setting CVar [[s.AsyncLoadingThreadEnabled:0]]
LogConfig: Setting CVar [[s.EventDrivenLoaderEnabled:1]]
LogConfig: Setting CVar [[s.WarnIfTimeLimitExceeded:0]]
LogConfig: Setting CVar [[s.TimeLimitExceededMultiplier:1.5]]
LogConfig: Setting CVar [[s.TimeLimitExceededMinTime:0.005]]
LogConfig: Setting CVar [[s.UseBackgroundLevelStreaming:1]]
LogConfig: Setting CVar [[s.PriorityAsyncLoadingExtraTime:15.0]]
LogConfig: Setting CVar [[s.LevelStreamingActorsUpdateTimeLimit:5.0]]
LogConfig: Setting CVar [[s.PriorityLevelStreamingActorsUpdateExtraTime:5.0]]
LogConfig: Setting CVar [[s.LevelStreamingComponentsRegistrationGranularity:10]]
LogConfig: Setting CVar [[s.UnregisterComponentsTimeLimit:1.0]]
LogConfig: Setting CVar [[s.LevelStreamingComponentsUnregistrationGranularity:5]]
LogConfig: Setting CVar [[s.FlushStreamingOnExit:1]]
LogInit: Object subsystem initialized
LogConfig: Setting CVar [[con.DebugEarlyDefault:1]]
LogConfig: Setting CVar [[r.setres:1280x720]]
[2022.01.27-20.10.23:284][  0]LogConfig: Setting CVar [[r.VSync:0]]
[2022.01.27-20.10.23:284][  0]LogConfig: Setting CVar [[r.RHICmdBypass:0]]
[2022.01.27-20.10.23:284][  0]LogConfig: Applying CVar settings from Section [/Script/Engine.RendererSettings] File [C:/Users/robin/Documents/GitHub/P5_UE4/GC_UE4CPP/Saved/Config/Windows/Engine.ini]
[2022.01.27-20.10.23:284][  0]LogConfig: Setting CVar [[r.GPUCrashDebugging:0]]
[2022.01.27-20.10.23:284][  0]LogConfig: Applying CVar settings from Section [/Script/Engine.RendererOverrideSettings] File [C:/Users/robin/Documents/GitHub/P5_UE4/GC_UE4CPP/Saved/Config/Windows/Engine.ini]
[2022.01.27-20.10.23:284][  0]LogConfig: Applying CVar settings from Section [/Script/Engine.StreamingSettings] File [C:/Users/robin/Documents/GitHub/P5_UE4/GC_UE4CPP/Saved/Config/Windows/Engine.ini]
[2022.01.27-20.10.23:284][  0]LogConfig: Setting CVar [[s.MinBulkDataSizeForAsyncLoading:131072]]
[2022.01.27-20.10.23:284][  0]LogConfig: Setting CVar [[s.AsyncLoadingThreadEnabled:0]]
[2022.01.27-20.10.23:284][  0]LogConfig: Setting CVar [[s.EventDrivenLoaderEnabled:1]]
[2022.01.27-20.10.23:284][  0]LogConfig: Setting CVar [[s.WarnIfTimeLimitExceeded:0]]
[2022.01.27-20.10.23:284][  0]LogConfig: Setting CVar [[s.TimeLimitExceededMultiplier:1.5]]
[2022.01.27-20.10.23:284][  0]LogConfig: Setting CVar [[s.TimeLimitExceededMinTime:0.005]]
[2022.01.27-20.10.23:284][  0]LogConfig: Setting CVar [[s.UseBackgroundLevelStreaming:1]]
[2022.01.27-20.10.23:284][  0]LogConfig: Setting CVar [[s.PriorityAsyncLoadingExtraTime:15.0]]
[2022.01.27-20.10.23:284][  0]LogConfig: Setting CVar [[s.LevelStreamingActorsUpdateTimeLimit:5.0]]
[2022.01.27-20.10.23:284][  0]LogConfig: Setting CVar [[s.PriorityLevelStreamingActorsUpdateExtraTime:5.0]]
[2022.01.27-20.10.23:284][  0]LogConfig: Setting CVar [[s.LevelStreamingComponentsRegistrationGranularity:10]]
[2022.01.27-20.10.23:284][  0]LogConfig: Setting CVar [[s.UnregisterComponentsTimeLimit:1.0]]
[2022.01.27-20.10.23:284][  0]LogConfig: Setting CVar [[s.LevelStreamingComponentsUnregistrationGranularity:5]]
[2022.01.27-20.10.23:284][  0]LogConfig: Setting CVar [[s.FlushStreamingOnExit:1]]
[2022.01.27-20.10.23:284][  0]LogConfig: Applying CVar settings from Section [/Script/Engine.GarbageCollectionSettings] File [C:/Users/robin/Documents/GitHub/P5_UE4/GC_UE4CPP/Saved/Config/Windows/Engine.ini]
[2022.01.27-20.10.23:284][  0]LogConfig: Setting CVar [[gc.MaxObjectsNotConsideredByGC:1]]
[2022.01.27-20.10.23:284][  0]LogConfig: Setting CVar [[gc.SizeOfPermanentObjectPool:0]]
[2022.01.27-20.10.23:284][  0]LogConfig: Setting CVar [[gc.FlushStreamingOnGC:0]]
[2022.01.27-20.10.23:284][  0]LogConfig: Setting CVar [[gc.NumRetriesBeforeForcingGC:10]]
[2022.01.27-20.10.23:284][  0]LogConfig: Setting CVar [[gc.AllowParallelGC:1]]
[2022.01.27-20.10.23:284][  0]LogConfig: Setting CVar [[gc.TimeBetweenPurgingPendingKillObjects:61.1]]
[2022.01.27-20.10.23:284][  0]LogConfig: Setting CVar [[gc.MaxObjectsInEditor:25165824]]
[2022.01.27-20.10.23:284][  0]LogConfig: Setting CVar [[gc.IncrementalBeginDestroyEnabled:1]]
[2022.01.27-20.10.23:284][  0]LogConfig: Setting CVar [[gc.CreateGCClusters:1]]
[2022.01.27-20.10.23:284][  0]LogConfig: Setting CVar [[gc.MinGCClusterSize:5]]
[2022.01.27-20.10.23:284][  0]LogConfig: Setting CVar [[gc.ActorClusteringEnabled:0]]
[2022.01.27-20.10.23:284][  0]LogConfig: Setting CVar [[gc.BlueprintClusteringEnabled:0]]
[2022.01.27-20.10.23:284][  0]LogConfig: Setting CVar [[gc.UseDisregardForGCOnDedicatedServers:0]]
[2022.01.27-20.10.23:284][  0]LogConfig: Setting CVar [[gc.MultithreadedDestructionEnabled:1]]
[2022.01.27-20.10.23:284][  0]LogConfig: Applying CVar settings from Section [/Script/Engine.NetworkSettings] File [C:/Users/robin/Documents/GitHub/P5_UE4/GC_UE4CPP/Saved/Config/Windows/Engine.ini]
[2022.01.27-20.10.23:284][  0]LogConfig: Applying CVar settings from Section [/Script/UnrealEd.CookerSettings] File [C:/Users/robin/Documents/GitHub/P5_UE4/GC_UE4CPP/Saved/Config/Windows/Engine.ini]
[2022.01.27-20.10.23:304][  0]LogConfig: Applying CVar settings from Section [ViewDistanceQuality@3] File [C:/Users/robin/Documents/GitHub/P5_UE4/GC_UE4CPP/Saved/Config/Windows/Scalability.ini]
[2022.01.27-20.10.23:304][  0]LogConfig: Setting CVar [[r.SkeletalMeshLODBias:0]]
[2022.01.27-20.10.23:304][  0]LogConfig: Setting CVar [[r.ViewDistanceScale:1.0]]
[2022.01.27-20.10.23:304][  0]LogConfig: Applying CVar settings from Section [AntiAliasingQuality@3] File [C:/Users/robin/Documents/GitHub/P5_UE4/GC_UE4CPP/Saved/Config/Windows/Scalability.ini]
[2022.01.27-20.10.23:304][  0]LogConfig: Setting CVar [[r.PostProcessAAQuality:4]]
[2022.01.27-20.10.23:304][  0]LogConfig: Applying CVar settings from Section [ShadowQuality@3] File [C:/Users/robin/Documents/GitHub/P5_UE4/GC_UE4CPP/Saved/Config/Windows/Scalability.ini]
[2022.01.27-20.10.23:304][  0]LogConfig: Setting CVar [[r.LightFunctionQuality:1]]
[2022.01.27-20.10.23:304][  0]LogConfig: Setting CVar [[r.ShadowQuality:5]]
[2022.01.27-20.10.23:304][  0]LogConfig: Setting CVar [[r.Shadow.CSM.MaxCascades:10]]
[2022.01.27-20.10.23:304][  0]LogConfig: Setting CVar [[r.Shadow.MaxResolution:2048]]
[2022.01.27-20.10.23:304][  0]LogConfig: Setting CVar [[r.Shadow.MaxCSMResolution:2048]]
[2022.01.27-20.10.23:304][  0]LogConfig: Setting CVar [[r.Shadow.RadiusThreshold:0.01]]
[2022.01.27-20.10.23:304][  0]LogConfig: Setting CVar [[r.Shadow.DistanceScale:1.0]]
[2022.01.27-20.10.23:304][  0]LogConfig: Setting CVar [[r.Shadow.CSM.TransitionScale:1.0]]
[2022.01.27-20.10.23:304][  0]LogConfig: Setting CVar [[r.Shadow.PreShadowResolutionFactor:1.0]]
[2022.01.27-20.10.23:304][  0]LogConfig: Setting CVar [[r.DistanceFieldShadowing:1]]
[2022.01.27-20.10.23:304][  0]LogConfig: Setting CVar [[r.DistanceFieldAO:1]]
[2022.01.27-20.10.23:304][  0]LogConfig: Setting CVar [[r.AOQuality:2]]
[2022.01.27-20.10.23:304][  0]LogConfig: Setting CVar [[r.VolumetricFog:1]]
[2022.01.27-20.10.23:304][  0]LogConfig: Setting CVar [[r.VolumetricFog.GridPixelSize:8]]
[2022.01.27-20.10.23:304][  0]LogConfig: Setting CVar [[r.VolumetricFog.GridSizeZ:128]]
[2022.01.27-20.10.23:304][  0]LogConfig: Setting CVar [[r.VolumetricFog.HistoryMissSupersampleCount:4]]
[2022.01.27-20.10.23:304][  0]LogConfig: Setting CVar [[r.LightMaxDrawDistanceScale:1]]
[2022.01.27-20.10.23:304][  0]LogConfig: Setting CVar [[r.CapsuleShadows:1]]
[2022.01.27-20.10.23:304][  0]LogConfig: Applying CVar settings from Section [PostProcessQuality@3] File [C:/Users/robin/Documents/GitHub/P5_UE4/GC_UE4CPP/Saved/Config/Windows/Scalability.ini]
[2022.01.27-20.10.23:304][  0]LogConfig: Setting CVar [[r.MotionBlurQuality:4]]
[2022.01.27-20.10.23:304][  0]LogConfig: Setting CVar [[r.AmbientOcclusionMipLevelFactor:0.4]]
[2022.01.27-20.10.23:304][  0]LogConfig: Setting CVar [[r.AmbientOcclusionMaxQuality:100]]
[2022.01.27-20.10.23:304][  0]LogConfig: Setting CVar [[r.AmbientOcclusionLevels:-1]]
[2022.01.27-20.10.23:304][  0]LogConfig: Setting CVar [[r.AmbientOcclusionRadiusScale:1.0]]
[2022.01.27-20.10.23:304][  0]LogConfig: Setting CVar [[r.DepthOfFieldQuality:2]]
[2022.01.27-20.10.23:304][  0]LogConfig: Setting CVar [[r.RenderTargetPoolMin:400]]
[2022.01.27-20.10.23:304][  0]LogConfig: Setting CVar [[r.LensFlareQuality:2]]
[2022.01.27-20.10.23:304][  0]LogConfig: Setting CVar [[r.SceneColorFringeQuality:1]]
[2022.01.27-20.10.23:305][  0]LogConfig: Setting CVar [[r.EyeAdaptationQuality:2]]
[2022.01.27-20.10.23:305][  0]LogConfig: Setting CVar [[r.BloomQuality:5]]
[2022.01.27-20.10.23:305][  0]LogConfig: Setting CVar [[r.FastBlurThreshold:100]]
[2022.01.27-20.10.23:305][  0]LogConfig: Setting CVar [[r.Upscale.Quality:3]]
[2022.01.27-20.10.23:305][  0]LogConfig: Setting CVar [[r.Tonemapper.GrainQuantization:1]]
[2022.01.27-20.10.23:305][  0]LogConfig: Setting CVar [[r.LightShaftQuality:1]]
[2022.01.27-20.10.23:305][  0]LogConfig: Setting CVar [[r.Filter.SizeScale:1]]
[2022.01.27-20.10.23:305][  0]LogConfig: Setting CVar [[r.Tonemapper.Quality:5]]
[2022.01.27-20.10.23:305][  0]LogConfig: Setting CVar [[r.DOF.Gather.AccumulatorQuality:1        ; higher gathering accumulator quality]]
[2022.01.27-20.10.23:305][  0]LogConfig: Setting CVar [[r.DOF.Gather.PostfilterMethod:1          ; Median3x3 postfilering method]]
[2022.01.27-20.10.23:305][  0]LogConfig: Setting CVar [[r.DOF.Gather.EnableBokehSettings:0       ; no bokeh simulation when gathering]]
[2022.01.27-20.10.23:305][  0]LogConfig: Setting CVar [[r.DOF.Gather.RingCount:4                 ; medium number of samples when gathering]]
[2022.01.27-20.10.23:305][  0]LogConfig: Setting CVar [[r.DOF.Scatter.ForegroundCompositing:1    ; additive foreground scattering]]
[2022.01.27-20.10.23:305][  0]LogConfig: Setting CVar [[r.DOF.Scatter.BackgroundCompositing:2    ; additive background scattering]]
[2022.01.27-20.10.23:305][  0]LogConfig: Setting CVar [[r.DOF.Scatter.EnableBokehSettings:1      ; bokeh simulation when scattering]]
[2022.01.27-20.10.23:305][  0]LogConfig: Setting CVar [[r.DOF.Scatter.MaxSpriteRatio:0.1         ; only a maximum of 10% of scattered bokeh]]
[2022.01.27-20.10.23:305][  0]LogConfig: Setting CVar [[r.DOF.Recombine.Quality:1                ; cheap slight out of focus]]
[2022.01.27-20.10.23:305][  0]LogConfig: Setting CVar [[r.DOF.Recombine.EnableBokehSettings:0    ; no bokeh simulation on slight out of focus]]
[2022.01.27-20.10.23:305][  0]LogConfig: Setting CVar [[r.DOF.TemporalAAQuality:1                ; more stable temporal accumulation]]
[2022.01.27-20.10.23:305][  0]LogConfig: Setting CVar [[r.DOF.Kernel.MaxForegroundRadius:0.025]]
[2022.01.27-20.10.23:305][  0]LogConfig: Setting CVar [[r.DOF.Kernel.MaxBackgroundRadius:0.025]]
[2022.01.27-20.10.23:305][  0]LogConfig: Applying CVar settings from Section [TextureQuality@3] File [C:/Users/robin/Documents/GitHub/P5_UE4/GC_UE4CPP/Saved/Config/Windows/Scalability.ini]
[2022.01.27-20.10.23:305][  0]LogConfig: Setting CVar [[r.Streaming.MipBias:0]]
[2022.01.27-20.10.23:305][  0]LogConfig: Setting CVar [[r.Streaming.AmortizeCPUToGPUCopy:0]]
[2022.01.27-20.10.23:305][  0]LogConfig: Setting CVar [[r.Streaming.MaxNumTexturesToStreamPerFrame:0]]
[2022.01.27-20.10.23:305][  0]LogConfig: Setting CVar [[r.Streaming.Boost:1]]
[2022.01.27-20.10.23:305][  0]LogConfig: Setting CVar [[r.MaxAnisotropy:8]]
[2022.01.27-20.10.23:305][  0]LogConfig: Setting CVar [[r.VT.MaxAnisotropy:8]]
[2022.01.27-20.10.23:305][  0]LogConfig: Setting CVar [[r.Streaming.LimitPoolSizeToVRAM:0]]
[2022.01.27-20.10.23:305][  0]LogConfig: Setting CVar [[r.Streaming.PoolSize:1000]]
[2022.01.27-20.10.23:305][  0]LogConfig: Setting CVar [[r.Streaming.MaxEffectiveScreenSize:0]]
[2022.01.27-20.10.23:305][  0]LogConfig: Applying CVar settings from Section [EffectsQuality@3] File [C:/Users/robin/Documents/GitHub/P5_UE4/GC_UE4CPP/Saved/Config/Windows/Scalability.ini]
[2022.01.27-20.10.23:305][  0]LogConfig: Setting CVar [[r.TranslucencyLightingVolumeDim:64]]
[2022.01.27-20.10.23:305][  0]LogConfig: Setting CVar [[r.RefractionQuality:2]]
[2022.01.27-20.10.23:305][  0]LogConfig: Setting CVar [[r.SSR.Quality:3]]
[2022.01.27-20.10.23:305][  0]LogConfig: Setting CVar [[r.SSR.HalfResSceneColor:0]]
[2022.01.27-20.10.23:305][  0]LogConfig: Setting CVar [[r.SceneColorFormat:4]]
[2022.01.27-20.10.23:305][  0]LogConfig: Setting CVar [[r.DetailMode:2]]
[2022.01.27-20.10.23:305][  0]LogConfig: Setting CVar [[r.TranslucencyVolumeBlur:1]]
[2022.01.27-20.10.23:305][  0]LogConfig: Setting CVar [[r.MaterialQualityLevel:1 ; High quality]]
[2022.01.27-20.10.23:305][  0]LogConfig: Setting CVar [[r.AnisotropicMaterials:1]]
[2022.01.27-20.10.23:305][  0]LogConfig: Setting CVar [[r.SSS.Scale:1]]
[2022.01.27-20.10.23:305][  0]LogConfig: Setting CVar [[r.SSS.SampleSet:2]]
[2022.01.27-20.10.23:305][  0]LogConfig: Setting CVar [[r.SSS.Quality:1]]
[2022.01.27-20.10.23:305][  0]LogConfig: Setting CVar [[r.SSS.HalfRes:0]]
[2022.01.27-20.10.23:305][  0]LogConfig: Setting CVar [[r.SSGI.Quality:3]]
[2022.01.27-20.10.23:305][  0]LogConfig: Setting CVar [[r.EmitterSpawnRateScale:1.0]]
[2022.01.27-20.10.23:305][  0]LogConfig: Setting CVar [[r.ParticleLightQuality:2]]
[2022.01.27-20.10.23:305][  0]LogConfig: Setting CVar [[r.SkyAtmosphere.AerialPerspectiveLUT.FastApplyOnOpaque:1 ; Always have FastSkyLUT 1 in this case to avoid wrong sky]]
[2022.01.27-20.10.23:305][  0]LogConfig: Setting CVar [[r.SkyAtmosphere.AerialPerspectiveLUT.SampleCountMaxPerSlice:4]]
[2022.01.27-20.10.23:305][  0]LogConfig: Setting CVar [[r.SkyAtmosphere.AerialPerspectiveLUT.DepthResolution:16.0]]
[2022.01.27-20.10.23:305][  0]LogConfig: Setting CVar [[r.SkyAtmosphere.FastSkyLUT:1]]
[2022.01.27-20.10.23:305][  0]LogConfig: Setting CVar [[r.SkyAtmosphere.FastSkyLUT.SampleCountMin:4.0]]
[2022.01.27-20.10.23:305][  0]LogConfig: Setting CVar [[r.SkyAtmosphere.FastSkyLUT.SampleCountMax:128.0]]
[2022.01.27-20.10.23:305][  0]LogConfig: Setting CVar [[r.SkyAtmosphere.SampleCountMin:4.0]]
[2022.01.27-20.10.23:305][  0]LogConfig: Setting CVar [[r.SkyAtmosphere.SampleCountMax:128.0]]
[2022.01.27-20.10.23:305][  0]LogConfig: Setting CVar [[r.SkyAtmosphere.TransmittanceLUT.UseSmallFormat:0]]
[2022.01.27-20.10.23:305][  0]LogConfig: Setting CVar [[r.SkyAtmosphere.TransmittanceLUT.SampleCount:10.0]]
[2022.01.27-20.10.23:305][  0]LogConfig: Setting CVar [[r.SkyAtmosphere.MultiScatteringLUT.SampleCount:15.0]]
[2022.01.27-20.10.23:305][  0]LogConfig: Setting CVar [[r.SkyLight.RealTimeReflectionCapture:1]]
[2022.01.27-20.10.23:305][  0]LogConfig: Applying CVar settings from Section [FoliageQuality@3] File [C:/Users/robin/Documents/GitHub/P5_UE4/GC_UE4CPP/Saved/Config/Windows/Scalability.ini]
[2022.01.27-20.10.23:305][  0]LogConfig: Setting CVar [[foliage.DensityScale:1.0]]
[2022.01.27-20.10.23:305][  0]LogConfig: Setting CVar [[grass.DensityScale:1.0]]
[2022.01.27-20.10.23:305][  0]LogConfig: Applying CVar settings from Section [ShadingQuality@3] File [C:/Users/robin/Documents/GitHub/P5_UE4/GC_UE4CPP/Saved/Config/Windows/Scalability.ini]
[2022.01.27-20.10.23:305][  0]LogConfig: Setting CVar [[r.HairStrands.SkyLighting.IntegrationType:2]]
[2022.01.27-20.10.23:305][  0]LogConfig: Setting CVar [[r.HairStrands.SkyAO.SampleCount:4]]
[2022.01.27-20.10.23:305][  0]LogConfig: Setting CVar [[r.HairStrands.Visibility.MSAA.SamplePerPixel:4]]
[2022.01.27-20.10.23:305][  0]LogInit: Selected Device Profile: [Windows]
[2022.01.27-20.10.23:305][  0]LogInit: Applying CVar settings loaded from the selected device profile: [Windows]
[2022.01.27-20.10.23:305][  0]LogHAL: Display: Platform has ~ 16 GB [17097773056 / 17179869184 / 16], which maps to Larger [LargestMinGB=32, LargerMinGB=12, DefaultMinGB=8, SmallerMinGB=6, SmallestMinGB=0)
[2022.01.27-20.10.23:305][  0]LogInit: Going up to parent DeviceProfile []
[2022.01.27-20.10.23:305][  0]LogConfig: Applying CVar settings from Section [ViewDistanceQuality@3] File [C:/Users/robin/Documents/GitHub/P5_UE4/GC_UE4CPP/Saved/Config/Windows/Scalability.ini]
[2022.01.27-20.10.23:305][  0]LogConfig: Setting CVar [[r.SkeletalMeshLODBias:0]]
[2022.01.27-20.10.23:305][  0]LogConfig: Setting CVar [[r.ViewDistanceScale:1.0]]
[2022.01.27-20.10.23:305][  0]LogConfig: Applying CVar settings from Section [AntiAliasingQuality@3] File [C:/Users/robin/Documents/GitHub/P5_UE4/GC_UE4CPP/Saved/Config/Windows/Scalability.ini]
[2022.01.27-20.10.23:305][  0]LogConfig: Setting CVar [[r.PostProcessAAQuality:4]]
[2022.01.27-20.10.23:305][  0]LogConfig: Applying CVar settings from Section [ShadowQuality@3] File [C:/Users/robin/Documents/GitHub/P5_UE4/GC_UE4CPP/Saved/Config/Windows/Scalability.ini]
[2022.01.27-20.10.23:305][  0]LogConfig: Setting CVar [[r.LightFunctionQuality:1]]
[2022.01.27-20.10.23:305][  0]LogConfig: Setting CVar [[r.ShadowQuality:5]]
[2022.01.27-20.10.23:305][  0]LogConfig: Setting CVar [[r.Shadow.CSM.MaxCascades:10]]
[2022.01.27-20.10.23:305][  0]LogConfig: Setting CVar [[r.Shadow.MaxResolution:2048]]
[2022.01.27-20.10.23:305][  0]LogConfig: Setting CVar [[r.Shadow.MaxCSMResolution:2048]]
[2022.01.27-20.10.23:305][  0]LogConfig: Setting CVar [[r.Shadow.RadiusThreshold:0.01]]
[2022.01.27-20.10.23:305][  0]LogConfig: Setting CVar [[r.Shadow.DistanceScale:1.0]]
[2022.01.27-20.10.23:305][  0]LogConfig: Setting CVar [[r.Shadow.CSM.TransitionScale:1.0]]
[2022.01.27-20.10.23:305][  0]LogConfig: Setting CVar [[r.Shadow.PreShadowResolutionFactor:1.0]]
[2022.01.27-20.10.23:305][  0]LogConfig: Setting CVar [[r.DistanceFieldShadowing:1]]
[2022.01.27-20.10.23:306][  0]LogConfig: Setting CVar [[r.DistanceFieldAO:1]]
[2022.01.27-20.10.23:306][  0]LogConfig: Setting CVar [[r.AOQuality:2]]
[2022.01.27-20.10.23:306][  0]LogConfig: Setting CVar [[r.VolumetricFog:1]]
[2022.01.27-20.10.23:306][  0]LogConfig: Setting CVar [[r.VolumetricFog.GridPixelSize:8]]
[2022.01.27-20.10.23:306][  0]LogConfig: Setting CVar [[r.VolumetricFog.GridSizeZ:128]]
[2022.01.27-20.10.23:306][  0]LogConfig: Setting CVar [[r.VolumetricFog.HistoryMissSupersampleCount:4]]
[2022.01.27-20.10.23:306][  0]LogConfig: Setting CVar [[r.LightMaxDrawDistanceScale:1]]
[2022.01.27-20.10.23:306][  0]LogConfig: Setting CVar [[r.CapsuleShadows:1]]
[2022.01.27-20.10.23:306][  0]LogConfig: Applying CVar settings from Section [PostProcessQuality@3] File [C:/Users/robin/Documents/GitHub/P5_UE4/GC_UE4CPP/Saved/Config/Windows/Scalability.ini]
[2022.01.27-20.10.23:306][  0]LogConfig: Setting CVar [[r.MotionBlurQuality:4]]
[2022.01.27-20.10.23:306][  0]LogConfig: Setting CVar [[r.AmbientOcclusionMipLevelFactor:0.4]]
[2022.01.27-20.10.23:306][  0]LogConfig: Setting CVar [[r.AmbientOcclusionMaxQuality:100]]
[2022.01.27-20.10.23:306][  0]LogConfig: Setting CVar [[r.AmbientOcclusionLevels:-1]]
[2022.01.27-20.10.23:306][  0]LogConfig: Setting CVar [[r.AmbientOcclusionRadiusScale:1.0]]
[2022.01.27-20.10.23:306][  0]LogConfig: Setting CVar [[r.DepthOfFieldQuality:2]]
[2022.01.27-20.10.23:306][  0]LogConfig: Setting CVar [[r.RenderTargetPoolMin:400]]
[2022.01.27-20.10.23:306][  0]LogConfig: Setting CVar [[r.LensFlareQuality:2]]
[2022.01.27-20.10.23:306][  0]LogConfig: Setting CVar [[r.SceneColorFringeQuality:1]]
[2022.01.27-20.10.23:306][  0]LogConfig: Setting CVar [[r.EyeAdaptationQuality:2]]
[2022.01.27-20.10.23:306][  0]LogConfig: Setting CVar [[r.BloomQuality:5]]
[2022.01.27-20.10.23:306][  0]LogConfig: Setting CVar [[r.FastBlurThreshold:100]]
[2022.01.27-20.10.23:306][  0]LogConfig: Setting CVar [[r.Upscale.Quality:3]]
[2022.01.27-20.10.23:306][  0]LogConfig: Setting CVar [[r.Tonemapper.GrainQuantization:1]]
[2022.01.27-20.10.23:306][  0]LogConfig: Setting CVar [[r.LightShaftQuality:1]]
[2022.01.27-20.10.23:306][  0]LogConfig: Setting CVar [[r.Filter.SizeScale:1]]
[2022.01.27-20.10.23:306][  0]LogConfig: Setting CVar [[r.Tonemapper.Quality:5]]
[2022.01.27-20.10.23:306][  0]LogConfig: Setting CVar [[r.DOF.Gather.AccumulatorQuality:1        ; higher gathering accumulator quality]]
[2022.01.27-20.10.23:306][  0]LogConfig: Setting CVar [[r.DOF.Gather.PostfilterMethod:1          ; Median3x3 postfilering method]]
[2022.01.27-20.10.23:306][  0]LogConfig: Setting CVar [[r.DOF.Gather.EnableBokehSettings:0       ; no bokeh simulation when gathering]]
[2022.01.27-20.10.23:306][  0]LogConfig: Setting CVar [[r.DOF.Gather.RingCount:4                 ; medium number of samples when gathering]]
[2022.01.27-20.10.23:306][  0]LogConfig: Setting CVar [[r.DOF.Scatter.ForegroundCompositing:1    ; additive foreground scattering]]
[2022.01.27-20.10.23:306][  0]LogConfig: Setting CVar [[r.DOF.Scatter.BackgroundCompositing:2    ; additive background scattering]]
[2022.01.27-20.10.23:306][  0]LogConfig: Setting CVar [[r.DOF.Scatter.EnableBokehSettings:1      ; bokeh simulation when scattering]]
[2022.01.27-20.10.23:306][  0]LogConfig: Setting CVar [[r.DOF.Scatter.MaxSpriteRatio:0.1         ; only a maximum of 10% of scattered bokeh]]
[2022.01.27-20.10.23:306][  0]LogConfig: Setting CVar [[r.DOF.Recombine.Quality:1                ; cheap slight out of focus]]
[2022.01.27-20.10.23:306][  0]LogConfig: Setting CVar [[r.DOF.Recombine.EnableBokehSettings:0    ; no bokeh simulation on slight out of focus]]
[2022.01.27-20.10.23:306][  0]LogConfig: Setting CVar [[r.DOF.TemporalAAQuality:1                ; more stable temporal accumulation]]
[2022.01.27-20.10.23:306][  0]LogConfig: Setting CVar [[r.DOF.Kernel.MaxForegroundRadius:0.025]]
[2022.01.27-20.10.23:306][  0]LogConfig: Setting CVar [[r.DOF.Kernel.MaxBackgroundRadius:0.025]]
[2022.01.27-20.10.23:306][  0]LogConfig: Applying CVar settings from Section [TextureQuality@3] File [C:/Users/robin/Documents/GitHub/P5_UE4/GC_UE4CPP/Saved/Config/Windows/Scalability.ini]
[2022.01.27-20.10.23:306][  0]LogConfig: Setting CVar [[r.Streaming.MipBias:0]]
[2022.01.27-20.10.23:306][  0]LogConfig: Setting CVar [[r.Streaming.AmortizeCPUToGPUCopy:0]]
[2022.01.27-20.10.23:306][  0]LogConfig: Setting CVar [[r.Streaming.MaxNumTexturesToStreamPerFrame:0]]
[2022.01.27-20.10.23:306][  0]LogConfig: Setting CVar [[r.Streaming.Boost:1]]
[2022.01.27-20.10.23:306][  0]LogConfig: Setting CVar [[r.MaxAnisotropy:8]]
[2022.01.27-20.10.23:306][  0]LogConfig: Setting CVar [[r.VT.MaxAnisotropy:8]]
[2022.01.27-20.10.23:306][  0]LogConfig: Setting CVar [[r.Streaming.LimitPoolSizeToVRAM:0]]
[2022.01.27-20.10.23:306][  0]LogConfig: Setting CVar [[r.Streaming.PoolSize:1000]]
[2022.01.27-20.10.23:306][  0]LogConfig: Setting CVar [[r.Streaming.MaxEffectiveScreenSize:0]]
[2022.01.27-20.10.23:306][  0]LogConfig: Applying CVar settings from Section [EffectsQuality@3] File [C:/Users/robin/Documents/GitHub/P5_UE4/GC_UE4CPP/Saved/Config/Windows/Scalability.ini]
[2022.01.27-20.10.23:306][  0]LogConfig: Setting CVar [[r.TranslucencyLightingVolumeDim:64]]
[2022.01.27-20.10.23:306][  0]LogConfig: Setting CVar [[r.RefractionQuality:2]]
[2022.01.27-20.10.23:306][  0]LogConfig: Setting CVar [[r.SSR.Quality:3]]
[2022.01.27-20.10.23:306][  0]LogConfig: Setting CVar [[r.SSR.HalfResSceneColor:0]]
[2022.01.27-20.10.23:306][  0]LogConfig: Setting CVar [[r.SceneColorFormat:4]]
[2022.01.27-20.10.23:306][  0]LogConfig: Setting CVar [[r.DetailMode:2]]
[2022.01.27-20.10.23:306][  0]LogConfig: Setting CVar [[r.TranslucencyVolumeBlur:1]]
[2022.01.27-20.10.23:306][  0]LogConfig: Setting CVar [[r.MaterialQualityLevel:1 ; High quality]]
[2022.01.27-20.10.23:306][  0]LogConfig: Setting CVar [[r.AnisotropicMaterials:1]]
[2022.01.27-20.10.23:306][  0]LogConfig: Setting CVar [[r.SSS.Scale:1]]
[2022.01.27-20.10.23:306][  0]LogConfig: Setting CVar [[r.SSS.SampleSet:2]]
[2022.01.27-20.10.23:306][  0]LogConfig: Setting CVar [[r.SSS.Quality:1]]
[2022.01.27-20.10.23:306][  0]LogConfig: Setting CVar [[r.SSS.HalfRes:0]]
[2022.01.27-20.10.23:306][  0]LogConfig: Setting CVar [[r.SSGI.Quality:3]]
[2022.01.27-20.10.23:306][  0]LogConfig: Setting CVar [[r.EmitterSpawnRateScale:1.0]]
[2022.01.27-20.10.23:306][  0]LogConfig: Setting CVar [[r.ParticleLightQuality:2]]
[2022.01.27-20.10.23:306][  0]LogConfig: Setting CVar [[r.SkyAtmosphere.AerialPerspectiveLUT.FastApplyOnOpaque:1 ; Always have FastSkyLUT 1 in this case to avoid wrong sky]]
[2022.01.27-20.10.23:306][  0]LogConfig: Setting CVar [[r.SkyAtmosphere.AerialPerspectiveLUT.SampleCountMaxPerSlice:4]]
[2022.01.27-20.10.23:306][  0]LogConfig: Setting CVar [[r.SkyAtmosphere.AerialPerspectiveLUT.DepthResolution:16.0]]
[2022.01.27-20.10.23:306][  0]LogConfig: Setting CVar [[r.SkyAtmosphere.FastSkyLUT:1]]
[2022.01.27-20.10.23:306][  0]LogConfig: Setting CVar [[r.SkyAtmosphere.FastSkyLUT.SampleCountMin:4.0]]
[2022.01.27-20.10.23:306][  0]LogConfig: Setting CVar [[r.SkyAtmosphere.FastSkyLUT.SampleCountMax:128.0]]
[2022.01.27-20.10.23:306][  0]LogConfig: Setting CVar [[r.SkyAtmosphere.SampleCountMin:4.0]]
[2022.01.27-20.10.23:306][  0]LogConfig: Setting CVar [[r.SkyAtmosphere.SampleCountMax:128.0]]
[2022.01.27-20.10.23:306][  0]LogConfig: Setting CVar [[r.SkyAtmosphere.TransmittanceLUT.UseSmallFormat:0]]
[2022.01.27-20.10.23:306][  0]LogConfig: Setting CVar [[r.SkyAtmosphere.TransmittanceLUT.SampleCount:10.0]]
[2022.01.27-20.10.23:306][  0]LogConfig: Setting CVar [[r.SkyAtmosphere.MultiScatteringLUT.SampleCount:15.0]]
[2022.01.27-20.10.23:306][  0]LogConfig: Setting CVar [[r.SkyLight.RealTimeReflectionCapture:1]]
[2022.01.27-20.10.23:306][  0]LogConfig: Applying CVar settings from Section [FoliageQuality@3] File [C:/Users/robin/Documents/GitHub/P5_UE4/GC_UE4CPP/Saved/Config/Windows/Scalability.ini]
[2022.01.27-20.10.23:306][  0]LogConfig: Setting CVar [[foliage.DensityScale:1.0]]
[2022.01.27-20.10.23:306][  0]LogConfig: Setting CVar [[grass.DensityScale:1.0]]
[2022.01.27-20.10.23:306][  0]LogConfig: Applying CVar settings from Section [ShadingQuality@3] File [C:/Users/robin/Documents/GitHub/P5_UE4/GC_UE4CPP/Saved/Config/Windows/Scalability.ini]
[2022.01.27-20.10.23:306][  0]LogConfig: Setting CVar [[r.HairStrands.SkyLighting.IntegrationType:2]]
[2022.01.27-20.10.23:306][  0]LogConfig: Setting CVar [[r.HairStrands.SkyAO.SampleCount:4]]
[2022.01.27-20.10.23:306][  0]LogConfig: Setting CVar [[r.HairStrands.Visibility.MSAA.SamplePerPixel:4]]
[2022.01.27-20.10.23:306][  0]LogConfig: Applying CVar settings from Section [Startup] File [../../../Engine/Config/ConsoleVariables.ini]
[2022.01.27-20.10.23:307][  0]LogConfig: Setting CVar [[net.UseAdaptiveNetUpdateFrequency:0]]
[2022.01.27-20.10.23:307][  0]LogConfig: Setting CVar [[p.chaos.AllowCreatePhysxBodies:1]]
[2022.01.27-20.10.23:307][  0]LogConfig: Setting CVar [[fx.SkipVectorVMBackendOptimizations:1]]
[2022.01.27-20.10.23:307][  0]LogConfig: Applying CVar settings from Section [ConsoleVariables] File [C:/Users/robin/Documents/GitHub/P5_UE4/GC_UE4CPP/Saved/Config/Windows/Engine.ini]
[2022.01.27-20.10.23:307][  0]LogConfig: Applying CVar settings from Section [ConsoleVariables] File [C:/Users/robin/Documents/GitHub/P5_UE4/GC_UE4CPP/Saved/Config/Windows/Editor.ini]
[2022.01.27-20.10.23:307][  0]LogInit: Computer: DESKTOP-51DJESI
[2022.01.27-20.10.23:307][  0]LogInit: User: robin
[2022.01.27-20.10.23:307][  0]LogInit: CPU Page size=4096, Cores=8
[2022.01.27-20.10.23:307][  0]LogInit: High frequency timer resolution =10.000000 MHz
[2022.01.27-20.10.23:307][  0]LogMemory: Memory total: Physical=15.9GB (16GB approx)
[2022.01.27-20.10.23:307][  0]LogMemory: Platform Memory Stats for Windows
[2022.01.27-20.10.23:307][  0]LogMemory: Process Physical Memory: 153.97 MB used, 153.98 MB peak
[2022.01.27-20.10.23:307][  0]LogMemory: Process Virtual Memory: 138.69 MB used, 138.69 MB peak
[2022.01.27-20.10.23:307][  0]LogMemory: Physical Memory: 11533.46 MB used,  4772.25 MB free, 16305.71 MB total
[2022.01.27-20.10.23:307][  0]LogMemory: Virtual Memory: 134210208.00 MB used,  7519.18 MB free, 134217728.00 MB total
[2022.01.27-20.10.23:314][  0]LogWindows: WindowsPlatformFeatures enabled
[2022.01.27-20.10.23:366][  0]LogInit: Physics initialised using underlying interface: PhysX
[2022.01.27-20.10.23:367][  0]LogInit: Using OS detected language (fr-FR).
[2022.01.27-20.10.23:367][  0]LogInit: Using OS detected locale (fr-FR).
[2022.01.27-20.10.23:370][  0]LogTextLocalizationManager: No specific localization for 'fr-FR' exists, so the 'fr' localization will be used.
[2022.01.27-20.10.23:370][  0]LogTextLocalizationResource: LocRes '../../../Engine/Content/Localization/Editor/fr/Editor.locres' could not be opened for reading!
[2022.01.27-20.10.23:370][  0]LogTextLocalizationResource: LocRes '../../../Engine/Content/Localization/EditorTutorials/fr/EditorTutorials.locres' could not be opened for reading!
[2022.01.27-20.10.23:370][  0]LogTextLocalizationResource: LocRes '../../../Engine/Content/Localization/Keywords/fr/Keywords.locres' could not be opened for reading!
[2022.01.27-20.10.23:370][  0]LogTextLocalizationResource: LocRes '../../../Engine/Content/Localization/Category/fr/Category.locres' could not be opened for reading!
[2022.01.27-20.10.23:370][  0]LogTextLocalizationResource: LocRes '../../../Engine/Content/Localization/ToolTips/fr/ToolTips.locres' could not be opened for reading!
[2022.01.27-20.10.23:371][  0]LogTextLocalizationResource: LocRes '../../../Engine/Content/Localization/PropertyNames/fr/PropertyNames.locres' could not be opened for reading!
[2022.01.27-20.10.23:371][  0]LogTextLocalizationResource: LocRes '../../../Engine/Content/Localization/Engine/fr/Engine.locres' could not be opened for reading!
[2022.01.27-20.10.23:372][  0]LogInit: Setting process to per monitor DPI aware
[2022.01.27-20.10.23:389][  0]LogWindowsTextInputMethodSystem: Display: IME system deactivated.
[2022.01.27-20.10.23:413][  0]LogSlate: New Slate User Created.  User Index 0, Is Virtual User: 0
[2022.01.27-20.10.23:413][  0]LogSlate: Slate User Registered.  User Index 0, Is Virtual User: 0
[2022.01.27-20.10.23:627][  0]LogD3D11RHI: Loaded GFSDK_Aftermath_Lib.x64.dll
[2022.01.27-20.10.29:093][  0]LogHMD: Failed to initialize OpenVR with code 108
[2022.01.27-20.10.29:093][  0]LogD3D11RHI: D3D11 min allowed feature level: 11_0
[2022.01.27-20.10.29:093][  0]LogD3D11RHI: D3D11 max allowed feature level: 11_0
[2022.01.27-20.10.29:093][  0]LogD3D11RHI: D3D11 adapters:
[2022.01.27-20.10.29:208][  0]LogD3D11RHI:    0. 'NVIDIA GeForce RTX 2060 SUPER' (Feature Level 11_0)
[2022.01.27-20.10.29:208][  0]LogD3D11RHI:       8031/0/8152 MB DedicatedVideo/DedicatedSystem/SharedSystem, Outputs:2, VendorId:0x10de
[2022.01.27-20.10.29:210][  0]LogD3D11RHI:    1. 'Microsoft Basic Render Driver' (Feature Level 11_0)
[2022.01.27-20.10.29:210][  0]LogD3D11RHI:       0/0/8152 MB DedicatedVideo/DedicatedSystem/SharedSystem, Outputs:0, VendorId:0x1414
[2022.01.27-20.10.29:210][  0]LogD3D11RHI: Chosen D3D11 Adapter:
[2022.01.27-20.10.29:210][  0]LogD3D11RHI:     Description : NVIDIA GeForce RTX 2060 SUPER
[2022.01.27-20.10.29:210][  0]LogD3D11RHI:     VendorId    : 10de
[2022.01.27-20.10.29:210][  0]LogD3D11RHI:     DeviceId    : 1f06
[2022.01.27-20.10.29:210][  0]LogD3D11RHI:     SubSysId    : 3ff11458
[2022.01.27-20.10.29:211][  0]LogD3D11RHI:     Revision    : 00a1
[2022.01.27-20.10.29:211][  0]LogD3D11RHI:     DedicatedVideoMemory : 8421113856 bytes
[2022.01.27-20.10.29:211][  0]LogD3D11RHI:     DedicatedSystemMemory : 0 bytes
[2022.01.27-20.10.29:211][  0]LogD3D11RHI:     SharedSystemMemory : 8548886528 bytes
[2022.01.27-20.10.29:211][  0]LogD3D11RHI:     AdapterLuid : 0 60436
[2022.01.27-20.10.29:220][  0]LogD3D11RHI: Creating new Direct3DDevice
[2022.01.27-20.10.29:220][  0]LogD3D11RHI:     GPU DeviceId: 0x1f06 (for the marketing name, search the web for "GPU Device Id")
[2022.01.27-20.10.29:220][  0]LogWindows: EnumDisplayDevices:
[2022.01.27-20.10.29:220][  0]LogWindows:    0. 'NVIDIA GeForce RTX 2060 SUPER' (P:1 D:1)
[2022.01.27-20.10.29:221][  0]LogWindows:    1. 'NVIDIA GeForce RTX 2060 SUPER' (P:0 D:1)
[2022.01.27-20.10.29:221][  0]LogWindows:    2. 'NVIDIA GeForce RTX 2060 SUPER' (P:0 D:0)
[2022.01.27-20.10.29:222][  0]LogWindows:    3. 'NVIDIA GeForce RTX 2060 SUPER' (P:0 D:0)
[2022.01.27-20.10.29:222][  0]LogWindows: DebugString: FoundDriverCount:4 
[2022.01.27-20.10.29:222][  0]LogD3D11RHI:     Adapter Name: NVIDIA GeForce RTX 2060 SUPER
[2022.01.27-20.10.29:222][  0]LogD3D11RHI:   Driver Version: 497.29 (internal:30.0.14.9729, unified:497.29)
[2022.01.27-20.10.29:222][  0]LogD3D11RHI:      Driver Date: 12-15-2021
[2022.01.27-20.10.29:222][  0]LogRHI: Texture pool is 5621 MB (70% of 8031 MB)
[2022.01.27-20.10.29:222][  0]LogD3D11RHI: Creating D3DDevice using adapter:
[2022.01.27-20.10.29:222][  0]LogD3D11RHI:     Description : NVIDIA GeForce RTX 2060 SUPER
[2022.01.27-20.10.29:222][  0]LogD3D11RHI:     VendorId    : 10de
[2022.01.27-20.10.29:222][  0]LogD3D11RHI:     DeviceId    : 1f06
[2022.01.27-20.10.29:222][  0]LogD3D11RHI:     SubSysId    : 3ff11458
[2022.01.27-20.10.29:222][  0]LogD3D11RHI:     Revision    : 00a1
[2022.01.27-20.10.29:222][  0]LogD3D11RHI:     DedicatedVideoMemory : 8421113856 bytes
[2022.01.27-20.10.29:222][  0]LogD3D11RHI:     DedicatedSystemMemory : 0 bytes
[2022.01.27-20.10.29:222][  0]LogD3D11RHI:     SharedSystemMemory : 8548886528 bytes
[2022.01.27-20.10.29:222][  0]LogD3D11RHI:     AdapterLuid : 0 60436
[2022.01.27-20.10.29:285][  0]LogD3D11RHI: RHI has support for 64 bit atomics
[2022.01.27-20.10.29:286][  0]LogD3D11RHI: Async texture creation enabled
[2022.01.27-20.10.29:286][  0]LogD3D11RHI: Array index from any shader is supported
[2022.01.27-20.10.29:309][  0]LogD3D11RHI: GPU Timing Frequency: 1000.000000 (Debug: 2 1)
[2022.01.27-20.10.29:341][  0]LogRHI: GeForceNow SDK initialized: 1
[2022.01.27-20.10.29:736][  0]LogTargetPlatformManager: Display: Loaded TargetPlatform 'AllDesktop'
[2022.01.27-20.10.29:758][  0]LogTargetPlatformManager: Display: Loaded TargetPlatform 'Android'
[2022.01.27-20.10.29:758][  0]LogTargetPlatformManager: Display: Loaded TargetPlatform 'Android_ASTC'
[2022.01.27-20.10.29:758][  0]LogTargetPlatformManager: Display: Loaded TargetPlatform 'Android_DXT'
[2022.01.27-20.10.29:758][  0]LogTargetPlatformManager: Display: Loaded TargetPlatform 'Android_ETC2'
[2022.01.27-20.10.29:758][  0]LogTargetPlatformManager: Display: Loaded TargetPlatform 'AndroidClient'
[2022.01.27-20.10.29:758][  0]LogTargetPlatformManager: Display: Loaded TargetPlatform 'Android_ASTCClient'
[2022.01.27-20.10.29:759][  0]LogTargetPlatformManager: Display: Loaded TargetPlatform 'Android_DXTClient'
[2022.01.27-20.10.29:759][  0]LogTargetPlatformManager: Display: Loaded TargetPlatform 'Android_ETC2Client'
[2022.01.27-20.10.29:759][  0]LogTargetPlatformManager: Display: Loaded TargetPlatform 'Android_Multi'
[2022.01.27-20.10.29:759][  0]LogTargetPlatformManager: Display: Loaded TargetPlatform 'Android_MultiClient'
[2022.01.27-20.10.29:779][  0]LogTargetPlatformManager: Display: Loaded TargetPlatform 'IOSClient'
[2022.01.27-20.10.29:779][  0]LogTargetPlatformManager: Display: Loaded TargetPlatform 'IOS'
[2022.01.27-20.10.29:790][  0]LogTargetPlatformManager: Display: Loaded TargetPlatform 'Linux'
[2022.01.27-20.10.29:795][  0]LogTargetPlatformManager: Display: Loaded TargetPlatform 'LinuxNoEditor'
[2022.01.27-20.10.29:800][  0]LogTargetPlatformManager: Display: Loaded TargetPlatform 'LinuxClient'
[2022.01.27-20.10.29:806][  0]LogTargetPlatformManager: Display: Loaded TargetPlatform 'LinuxServer'
[2022.01.27-20.10.29:815][  0]LogTargetPlatformManager: Display: Loaded TargetPlatform 'LinuxAArch64NoEditor'
[2022.01.27-20.10.29:820][  0]LogTargetPlatformManager: Display: Loaded TargetPlatform 'LinuxAArch64Client'
[2022.01.27-20.10.29:826][  0]LogTargetPlatformManager: Display: Loaded TargetPlatform 'LinuxAArch64Server'
[2022.01.27-20.10.29:851][  0]LogTargetPlatformManager: Display: Loaded TargetPlatform 'Lumin'
[2022.01.27-20.10.29:851][  0]LogTargetPlatformManager: Display: Loaded TargetPlatform 'LuminClient'
[2022.01.27-20.10.29:859][  0]LogTargetPlatformManager: Display: Loaded TargetPlatform 'MacNoEditor'
[2022.01.27-20.10.29:865][  0]LogTargetPlatformManager: Display: Loaded TargetPlatform 'Mac'
[2022.01.27-20.10.29:870][  0]LogTargetPlatformManager: Display: Loaded TargetPlatform 'MacClient'
[2022.01.27-20.10.29:875][  0]LogTargetPlatformManager: Display: Loaded TargetPlatform 'MacServer'
[2022.01.27-20.10.29:886][  0]LogTargetPlatformManager: Display: Loaded TargetPlatform 'TVOSClient'
[2022.01.27-20.10.29:886][  0]LogTargetPlatformManager: Display: Loaded TargetPlatform 'TVOS'
[2022.01.27-20.10.29:897][  0]LogTargetPlatformManager: Display: Loaded TargetPlatform 'WindowsNoEditor'
[2022.01.27-20.10.29:903][  0]LogTargetPlatformManager: Display: Loaded TargetPlatform 'Windows'
[2022.01.27-20.10.29:908][  0]LogTargetPlatformManager: Display: Loaded TargetPlatform 'WindowsClient'
[2022.01.27-20.10.29:914][  0]LogTargetPlatformManager: Display: Loaded TargetPlatform 'WindowsServer'
[2022.01.27-20.10.29:914][  0]LogTargetPlatformManager: Display: Building Assets For Windows
[2022.01.27-20.10.29:925][  0]LogAudioDebug: Display: Lib vorbis DLL was dynamically loaded.
[2022.01.27-20.10.29:959][  0]LogTextureFormatOodle: Display: Oodle Texture 2.9.0 init RDO Off
[2022.01.27-20.10.29:999][  0]LogRendererCore: Ray tracing is disabled. Reason: r.RayTracing=0.
[2022.01.27-20.10.29:999][  0]LogShaderCompilers: Guid format shader working directory is -3 characters bigger than the processId version (C:/Users/robin/Documents/GitHub/P5_UE4/GC_UE4CPP/Intermediate/Shaders/WorkingDirectory/18444/).
[2022.01.27-20.10.29:999][  0]LogShaderCompilers: Cleaned the shader compiler working directory 'C:/Users/robin/AppData/Local/Temp/UnrealShaderWorkingDir/2767EB4543DA2679EF9FC6AB39F8616A/'.
[2022.01.27-20.10.29:999][  0]LogXGEController: Cannot use XGE Controller as Incredibuild is not installed on this machine.
[2022.01.27-20.10.29:999][  0]LogShaderCompilers: Cannot use XGE Shader Compiler as Incredibuild is not installed on this machine.
[2022.01.27-20.10.29:999][  0]LogShaderCompilers: Display: Using Local Shader Compiler.
[2022.01.27-20.10.30:652][  0]LogDerivedDataCache: Display: Max Cache Size: 512 MB
[2022.01.27-20.10.30:706][  0]LogDerivedDataCache: Loaded boot cache 0.05s 94MB C:/Users/robin/AppData/Local/UnrealEngine/4.27/DerivedDataCache/Boot.ddc.
[2022.01.27-20.10.30:707][  0]LogDerivedDataCache: Display: Loaded Boot cache: C:/Users/robin/AppData/Local/UnrealEngine/4.27/DerivedDataCache/Boot.ddc
[2022.01.27-20.10.30:707][  0]LogDerivedDataCache: FDerivedDataBackendGraph:  Pak pak cache file C:/Users/robin/Documents/GitHub/P5_UE4/GC_UE4CPP/DerivedDataCache/DDC.ddp not found, will not use a pak cache.
[2022.01.27-20.10.30:707][  0]LogDerivedDataCache: Unable to find inner node Pak for hierarchical cache Hierarchy.
[2022.01.27-20.10.30:707][  0]LogDerivedDataCache: FDerivedDataBackendGraph:  CompressedPak pak cache file C:/Users/robin/Documents/GitHub/P5_UE4/GC_UE4CPP/DerivedDataCache/Compressed.ddp not found, will not use a pak cache.
[2022.01.27-20.10.30:707][  0]LogDerivedDataCache: Unable to find inner node CompressedPak for hierarchical cache Hierarchy.
[2022.01.27-20.10.30:723][  0]LogDerivedDataCache: Display: Pak cache opened for reading ../../../Engine/DerivedDataCache/Compressed.ddp.
[2022.01.27-20.10.30:723][  0]LogDerivedDataCache: FDerivedDataBackendGraph:  EnterprisePak pak cache file ../../../Enterprise/DerivedDataCache/Compressed.ddp not found, will not use a pak cache.
[2022.01.27-20.10.30:723][  0]LogDerivedDataCache: Unable to find inner node EnterprisePak for hierarchical cache Hierarchy.
[2022.01.27-20.10.30:747][  0]LogDerivedDataCache: Speed tests for C:/Users/robin/AppData/Local/UnrealEngine/Common/DerivedDataCache took 0.02 seconds
[2022.01.27-20.10.30:747][  0]LogDerivedDataCache: Display: Performance to C:/Users/robin/AppData/Local/UnrealEngine/Common/DerivedDataCache: Latency=0.04ms. RandomReadSpeed=885.59MBs, RandomWriteSpeed=42.39MBs. Assigned SpeedClass 'Local'
[2022.01.27-20.10.30:748][  0]LogDerivedDataCache: Using Local data cache path C:/Users/robin/AppData/Local/UnrealEngine/Common/DerivedDataCache: Writable
[2022.01.27-20.10.30:748][  0]LogDerivedDataCache: Shared data cache path not found in *engine.ini, will not use an Shared cache.
[2022.01.27-20.10.30:748][  0]LogDerivedDataCache: Unable to find inner node Shared for hierarchical cache Hierarchy.
[2022.01.27-20.10.30:789][  0]LogSlate: Using FreeType 2.10.0
[2022.01.27-20.10.30:790][  0]LogSlate: SlateFontServices - WITH_FREETYPE: 1, WITH_HARFBUZZ: 1
[2022.01.27-20.10.30:814][  0]LogAssetRegistry: FAssetRegistry took 0.0030 seconds to start up
[2022.01.27-20.10.31:038][  0]LogInit: Selected Device Profile: [Windows]
[2022.01.27-20.10.31:038][  0]LogInit: Active device profile: [000002BB399F4D00][000002BB37A2B700 49] Windows
[2022.01.27-20.10.31:038][  0]LogInit: Profiles: [000002BB399F4D00][000002BB37A2B700 49] Windows, [000002BB399C5E00][000002BB37A33880 49] WindowsNoEditor, [000002BB399F5C00][000002BB37A37A00 49] WindowsServer, [000002BB399C6C00][000002BB37A3BB80 49] WindowsClient, [000002BB399F6900][000002BB37A3E180 49] IOS, [000002BB399C5500][000002BB37A42300 49] iPadAir, [000002BB399F7E00][000002BB37A46480 49] iPadAir2, [000002BB39979100][000002BB37A4A6C0 49] IPadPro, [000002BB39979200][000002BB37A2E700 49] iPadAir3, [000002BB399C4C00][000002BB30120840 49] iPadAir4, [000002BB39979E00][000002BB30124980 49] iPadMini2, [000002BB399C6E00][000002BB3012CB00 49] iPadMini3, [000002BB3997B900][000002BB30130C80 49] iPadMini4, [000002BB399C7D00][000002BB30134E00 49] iPadMini5, [000002BB39980900][000002BB3013D0C0 49] iPhone6, [000002BB39980A00][000002BB30139100 49] iPodTouch6, [000002BB399F6E00][000002BB301453C0 49] iPhone7, [000002BB399F6F00][000002BB30141400 49] iPodTouch7, [000002BB3997BE00][000002BB30149580 49] iPhone5S, [000002BB399F4F00][000002BB3014D700 49] iPhone6Plus, [000002BB39980100][000002BB30151880 49] iPhone6S, [000002BB39978300][000002BB30155A00 49] iPhone6SPlus, [000002BB39982800][000002BB30159B80 49] iPhone7Plus, [000002BB3997A400][000002BB3015C180 49] iPhoneSE, [000002BB39982600][000002BB30160300 49] iPhone8, [000002BB39978400][000002BB30164480 49] iPhone8Plus, [000002BB39983100][000002BB30168600 49] iPhoneX, [000002BB399F5400][000002BB30128740 49] iPhoneXS, [000002BB39982B00][000002BB3016C880 49] iPhoneXSMax, [000002BB399F4700][000002BB301709C0 49] iPhoneXR, [000002BB39980800][000002BB30174B00 49] iPhone11, [000002BB399F5100][000002BB3017CC80 49] iPhone11Pro, [000002BB39981A00][000002BB30180E00 49] iPhone11ProMax, [000002BB399F7700][000002BB30184F80 49] iPhoneSE2, [000002BB39983800][000002BB30189100 49] iPhone12Mini, [000002BB399F6300][000002BB3018D280 49] iPhone12, [000002BB39983200][000002BB3A199400 49] iPhone12Pro, [000002BB399F5300][000002BB3A19D580 49] iPhone12ProMax, [000002BB39981500][000002BB3A1A1700 49] iPadPro105, [000002BB399F4A00][000002BB3A1A5880 49] iPadPro129, [000002BB39983D00][000002BB3A1A9A00 49] iPadPro97, [000002BB399F6A00][000002BB3A1ADB80 49] iPadPro2_129, [000002BB39982900][000002BB3A1B0180 49] iPad5, [000002BB399F5E00][000002BB3A1B4300 49] iPad6, [000002BB39981300][000002BB3A1B8480 49] iPad7, [000002BB399F4200][000002BB3A1BC600 49] iPad8, [000002BB39980400][000002BB3A1C0780 49] iPadPro11, [000002BB399F5A00][000002BB3A1C4900 49] iPadPro2_11, [000002BB39981600][000002BB30178A40 49] iPadPro3_129, [000002BB399F6700][000002BB3A1C8B80 49] iPadPro4_129, [000002BB39980200][000002BB3A1CCCC0 49] AppleTV, [000002BB399F4900][000002BB3A1D4E40 49] AppleTV4K, [000002BB39981D00][000002BB3A1D8FC0 49] TVOS, [000002BB399F6D00][000002BB3A1DD140 49] Mac, [000002BB39983600][000002BB3A1E12C0 49] MacClient, [000002BB399F7900][000002BB3A1E5440 49] MacNoEditor, [000002BB39983500][000002BB3A1E95C0 49] MacServer, [000002BB399F5200][000002BB3A1ED740 49] Linux, [000002BB39981C00][000002BB3A1F18C0 49] LinuxAArch64, [000002BB399F7C00][000002BB3A1F5A40 49] LinuxNoEditor, [000002BB39982300][000002BB3A1F9BC0 49] LinuxAArch64NoEditor, [000002BB399F5B00][000002BB3A1FC1C0 49] LinuxClient, [000002BB39982500][000002BB3A200340 49] LinuxAArch64Client, [000002BB399F4E00][000002BB3A2044C0 49] LinuxServer, [000002BB39983900][000002BB3A208640 49] LinuxAArch64Server, [000002BB399F7500][000002BB3A20C7C0 49] Android, [000002BB39981E00][000002BB2F54E940 49] Android_Low, [000002BB399F5F00][000002BB2F552AC0 49] Android_Mid, [000002BB39982200][000002BB3A1D0C00 49] Android_High, [000002BB399F7F00][000002BB2F556D40 49] Android_Default, [000002BB39982000][000002BB2F55AE80 49] Android_Adreno4xx, [000002BB399F7D00][000002BB2F55EFC0 49] Android_Adreno5xx_Low, [000002BB39982A00][000002BB2F567140 49] Android_Adreno5xx, [000002BB399F7800][000002BB2F56B2C0 49] Android_Adreno6xx, [000002BB399C4500][000002BB2F56F440 49] Android_Adreno6xx_Vulkan, [000002BB39979400][000002BB2F5735C0 49] Android_Mali_T6xx, [000002BB399C7C00][000002BB2F577740 49] Android_Mali_T7xx, [000002BB3997AD00][000002BB2F57B8C0 49] Android_Mali_T8xx, [000002BB399C6A00][000002BB2F57FA40 49] Android_Mali_G71, [000002BB3997B400][000002BB2F583BC0 49] Android_Mali_G72, [000002BB399C5200][000002BB2F5861C0 49] Android_Mali_G72_Vulkan, [000002BB39979300][000002BB2F58A340 49] Android_Mali_G76, [000002BB399C7800][000002BB2F58E4C0 49] Android_Mali_G76_Vulkan, [000002BB3997AC00][000002BB2F592640 49] Android_Mali_G77, [000002BB399C5000][000002BB2F5967C0 49] Android_Mali_G77_Vulkan, [000002BB39979800][000002BB2F59A940 49] Android_Mali_G78, [000002BB399C5D00][000002BB2F59EAC0 49] Android_Mali_G78_Vulkan, [000002BB3997BD00][000002BB2F5A2C40 49] Android_Mali_G710, [000002BB399C4300][000002BB2F562D80 49] Android_Mali_G710_Vulkan, [000002BB39978200][000002BB2F5A6EC0 49] Android_Vulkan_SM5, [000002BB399C4800][000002BB2F5AB000 49] Android_PowerVR_G6xxx, [000002BB3997A500][000002BB2F5AF140 49] Android_PowerVR_GT7xxx, [000002BB399C7F00][000002BB2F5B72C0 49] Android_PowerVR_GE8xxx, [000002BB39979500][000002BB2F5BB440 49] Android_PowerVR_GM9xxx, [000002BB399C4D00][000002BB2F5BF5C0 49] Android_PowerVR_GM9xxx_Vulkan, [000002BB39979900][000002BB2F5C3740 49] Android_TegraK1, [000002BB399C4600][000002BB2F5C78C0 49] Android_Unknown_Vulkan, [000002BB3997B800][000002BB2F5CBA40 49] Lumin, [000002BB399C6100][000002BB3A595BC0 49] Lumin_Desktop, [000002BB3997BB00][000002BB3A5981C0 49] HoloLens, 
[2022.01.27-20.10.31:158][  0]LogMeshReduction: Using QuadricMeshReduction for automatic static mesh reduction
[2022.01.27-20.10.31:158][  0]LogMeshReduction: Using SimplygonMeshReduction for automatic skeletal mesh reduction
[2022.01.27-20.10.31:158][  0]LogMeshReduction: Using ProxyLODMeshReduction for automatic mesh merging
[2022.01.27-20.10.31:158][  0]LogMeshReduction: No distributed automatic mesh merging module available
[2022.01.27-20.10.31:158][  0]LogMeshMerging: No distributed automatic mesh merging module available
[2022.01.27-20.10.31:178][  0]LogNetVersion: GC_UE4CPP 1.0.0, NetCL: 17155196, EngineNetVer: 17, GameNetVer: 0 (Checksum: 598480542)
[2022.01.27-20.10.31:545][  0]LogTexture: Default maximum texture size for cubemaps generated from long-lat sources has been changed from 512 to unlimited. In order to preserve old behaiour for '/Engine/MapTemplates/Sky/DaylightAmbientCubemap.DaylightAmbientCubemap', its maximum texture size has been explicitly set to 512.
[2022.01.27-20.10.31:599][  0]LogHMD: PokeAHoleMaterial loaded successfully
[2022.01.27-20.10.31:605][  0]LogUObjectArray: 17178 objects as part of root set at end of initial load.
[2022.01.27-20.10.31:605][  0]LogUObjectAllocator: 4302048 out of 0 bytes used by permanent object pool.
[2022.01.27-20.10.31:605][  0]LogUObjectArray: CloseDisregardForGC: 0/0 objects in disregard for GC pool
[2022.01.27-20.10.31:889][  0]LogNiagaraDebuggerClient: Niagara Debugger Client Initialized | Session: C280C39A4F011E39A755329DCA6FB784 | Instance: 678ACA974E14FC32A4ECC09E6F44AB1D (DESKTOP-51DJESI-18444).
[2022.01.27-20.10.31:927][  0]LogPython: Using Python 3.7.7
[2022.01.27-20.10.32:528][  0]LogTcpMessaging: Initializing TcpMessaging bridge
[2022.01.27-20.10.32:534][  0]LogUdpMessaging: Initializing bridge on interface 0.0.0.0:0 to multicast group 230.0.0.1:6666.
[2022.01.27-20.10.32:994][  0]LogOpenImageDenoise: OIDN starting up
[2022.01.27-20.10.33:050][  0]LogAndroidPermission: UAndroidPermissionCallbackProxy::GetInstance
[2022.01.27-20.10.33:080][  0]LogAudioCaptureCore: Display: No Audio Capture implementations found. Audio input will be silent.
[2022.01.27-20.10.33:080][  0]LogAudioCaptureCore: Display: No Audio Capture implementations found. Audio input will be silent.
[2022.01.27-20.10.33:242][  0]SourceControl: Source control is disabled
[2022.01.27-20.10.33:242][  0]SourceControl: Source control is disabled
[2022.01.27-20.10.33:246][  0]SourceControl: Source control is disabled
[2022.01.27-20.10.33:249][  0]SourceControl: Source control is disabled
[2022.01.27-20.10.33:637][  0]SourceControl: Source control is disabled
[2022.01.27-20.10.33:641][  0]LogUProjectInfo: Found projects:
[2022.01.27-20.10.33:659][  0]LogCollectionManager: Loaded 0 collections in 0.000784 seconds
[2022.01.27-20.10.33:689][  0]LogFileCache: Scanning file cache for directory 'C:/Users/robin/Documents/GitHub/P5_UE4/GC_UE4CPP/Saved/Collections/' took 0.00s
[2022.01.27-20.10.33:689][  0]LogFileCache: Scanning file cache for directory 'C:/Users/robin/Documents/GitHub/P5_UE4/GC_UE4CPP/Content/Developers/robin/Collections/' took 0.00s
[2022.01.27-20.10.33:689][  0]LogFileCache: Scanning file cache for directory 'C:/Users/robin/Documents/GitHub/P5_UE4/GC_UE4CPP/Content/Collections/' took 0.00s
[2022.01.27-20.10.33:689][  0]LogOcInput: OculusInput pre-init called
[2022.01.27-20.10.33:915][  0]LogEngine: Initializing Engine...
[2022.01.27-20.10.33:995][  0]LogHMD: Failed to initialize OpenVR with code 108
[2022.01.27-20.10.34:009][  0]LogHMD: Optional extension XR_VARJO_quad_views is not available
[2022.01.27-20.10.34:009][  0]LogHMD: Warning: Required extension XR_EXT_eye_gaze_interaction is not available
[2022.01.27-20.10.34:009][  0]LogHMD: Could not enable all required OpenXR extensions for OpenXREyeTracker on current system. This plugin will be loaded but ignored, but will be enabled on a target platform that supports the required extension.
[2022.01.27-20.10.34:063][  0]LogHMD: Failed to create an OpenXR instance, result is XR_ERROR_RUNTIME_FAILURE. Please check if you have an OpenXR runtime installed. The following extensions were enabled:
[2022.01.27-20.10.34:063][  0]LogHMD: - XR_KHR_D3D11_enable
[2022.01.27-20.10.34:063][  0]LogHMD: - XR_KHR_D3D12_enable
[2022.01.27-20.10.34:063][  0]LogHMD: - XR_KHR_opengl_enable
[2022.01.27-20.10.34:063][  0]LogHMD: - XR_KHR_vulkan_enable
[2022.01.27-20.10.34:063][  0]LogHMD: - XR_KHR_composition_layer_depth
[2022.01.27-20.10.34:063][  0]LogHMD: - XR_KHR_visibility_mask
[2022.01.27-20.10.34:063][  0]LogHMD: - XR_EXT_hand_tracking
[2022.01.27-20.10.34:063][  0]LogMagicLeap: Warning: VR disabled because ZI is not enabled.  To enable, in the editor, Edit -> Project Settings -> Plugins -> Magic Leap Plugin -> Enable Zero Iteration
[2022.01.27-20.10.34:064][  0]LogStats: UGameplayTagsManager::InitializeManager -  0.000 s
[2022.01.27-20.10.34:189][  0]LogInit: Initializing FReadOnlyCVARCache
[2022.01.27-20.10.34:199][  0]LogAIModule: Creating AISystem for world Untitled
[2022.01.27-20.10.34:199][  0]LogAudio: Display: Initializing Audio Device Manager...
[2022.01.27-20.10.34:203][  0]LogAudio: Display: Loading Default Audio Settings Objects...
[2022.01.27-20.10.34:204][  0]LogAudio: Display: No default SoundConcurrencyObject specified (or failed to load).
[2022.01.27-20.10.34:204][  0]LogAudio: Display: Audio Device Manager Initialized
[2022.01.27-20.10.34:204][  0]LogAudio: Display: Creating Audio Device:                 Id: 1, Scope: Shared, Realtime: True
[2022.01.27-20.10.34:204][  0]LogAudioMixer: Display: Audio Mixer Platform Settings:
[2022.01.27-20.10.34:204][  0]LogAudioMixer: Display: 	Sample Rate:						  48000
[2022.01.27-20.10.34:205][  0]LogAudioMixer: Display: 	Callback Buffer Frame Size Requested: 1024
[2022.01.27-20.10.34:205][  0]LogAudioMixer: Display: 	Callback Buffer Frame Size To Use:	  1024
[2022.01.27-20.10.34:205][  0]LogAudioMixer: Display: 	Number of buffers to queue:			  2
[2022.01.27-20.10.34:205][  0]LogAudioMixer: Display: 	Max Channels (voices):				  32
[2022.01.27-20.10.34:205][  0]LogAudioMixer: Display: 	Number of Async Source Workers:		  0
[2022.01.27-20.10.34:205][  0]LogAudio: Display: AudioDevice MaxSources: 32
[2022.01.27-20.10.34:205][  0]LogAudio: Display: Audio Spatialization Plugin: None (built-in).
[2022.01.27-20.10.34:205][  0]LogAudio: Display: Audio Reverb Plugin: None (built-in).
[2022.01.27-20.10.34:205][  0]LogAudio: Display: Audio Occlusion Plugin: None (built-in).
[2022.01.27-20.10.34:205][  0]LogAudioMixer: Display: Initializing audio mixer.
[2022.01.27-20.10.34:227][  0]LogAudioMixer: Display: 0: FrontLeft
[2022.01.27-20.10.34:227][  0]LogAudioMixer: Display: 1: FrontRight
[2022.01.27-20.10.34:249][  0]LogAudioMixer: Display: Using Audio Device Casque pour téléphone (HyperX 7.1 Audio)
[2022.01.27-20.10.34:249][  0]LogAudioMixer: Display: Initializing Sound Submixes...
[2022.01.27-20.10.34:252][  0]LogAudioMixer: Display: Creating Master Submix 'MasterSubmixDefault'
[2022.01.27-20.10.34:252][  0]LogAudioMixer: Display: Creating Master Submix 'MasterReverbSubmixDefault'
[2022.01.27-20.10.34:253][  0]LogAudioMixer: Display: Creating Master Submix 'MasterEQSubmixDefault'
[2022.01.27-20.10.34:253][  0]LogAudioMixer: FMixerPlatformXAudio2::StartAudioStream() called
[2022.01.27-20.10.34:253][  0]LogAudioMixer: Display: Output buffers initialized: Frames=1024, Channels=2, Samples=2048
[2022.01.27-20.10.34:255][  0]LogAudioMixer: Display: Starting AudioMixerPlatformInterface::RunInternal()
[2022.01.27-20.10.34:255][  0]LogAudioMixer: Display: FMixerPlatformXAudio2::SubmitBuffer() called for the first time
[2022.01.27-20.10.34:255][  0]LogInit: FAudioDevice initialized.
[2022.01.27-20.10.34:255][  0]LogAudio: Display: Audio Device (ID: 1) registered with world 'Untitled'.
[2022.01.27-20.10.34:255][  0]LogNetVersion: Set ProjectVersion to 1.0.0.0. Version Checksum will be recalculated on next use.
[2022.01.27-20.10.34:347][  0]LogDerivedDataCache: Saved boot cache 0.09s 94MB C:/Users/robin/AppData/Local/UnrealEngine/4.27/DerivedDataCache/Boot.ddc.
[2022.01.27-20.10.34:349][  0]LogInit: Texture streaming: Enabled
[2022.01.27-20.10.34:366][  0]LogAnalytics: Display: [UEEditor.Rocket.Release] APIServer = https://datarouter.ol.epicgames.com/. AppVersion = 4.27.2-18319896+++UE4+Release-4.27
[2022.01.27-20.10.34:374][  0]LogEngineSessionManager: EngineSessionManager initialized
[2022.01.27-20.10.34:374][  0]LogEditorSessionSummary: Verbose: Initializing EditorSessionSummaryWriter for editor session tracking
[2022.01.27-20.10.34:384][  0]LogEditorSessionSummary: EditorSessionSummaryWriter initialized
[2022.01.27-20.10.34:434][  0]LogInit: Transaction tracking system initialized
[2022.01.27-20.10.34:459][  0]BlueprintLog: New page: Editor Load
[2022.01.27-20.10.34:542][  0]LocalizationService: Localization service is disabled
[2022.01.27-20.10.34:576][  0]TimingProfiler: Initialize
[2022.01.27-20.10.34:576][  0]TimingProfiler: OnSessionChanged
[2022.01.27-20.10.34:576][  0]LoadingProfiler: Initialize
[2022.01.27-20.10.34:576][  0]LoadingProfiler: OnSessionChanged
[2022.01.27-20.10.34:576][  0]NetworkingProfiler: Initialize
[2022.01.27-20.10.34:576][  0]NetworkingProfiler: OnSessionChanged
[2022.01.27-20.10.34:576][  0]MemoryProfiler: Initialize
[2022.01.27-20.10.34:576][  0]MemoryProfiler: OnSessionChanged
[2022.01.27-20.10.34:782][  0]LogCook: Display: CookSettings for Memory: MemoryMaxUsedVirtual 0MiB, MemoryMaxUsedPhysical 16384MiB, MemoryMinFreeVirtual 0MiB, MemoryMinFreePhysical 1024MiB
[2022.01.27-20.10.34:782][  0]LogCook: Display: Mobile HDR setting 1
[2022.01.27-20.10.35:004][  0]LogFileCache: Scanning file cache for directory 'C:/Users/robin/Documents/GitHub/P5_UE4/GC_UE4CPP/Content/' took 0.01s
[2022.01.27-20.10.35:158][  0]LogInit: Display: Engine is initialized. Leaving FEngineLoop::Init()
[2022.01.27-20.10.35:166][  0]SourceControl: Source control is disabled
[2022.01.27-20.10.35:166][  0]LogUnrealEdMisc: Loading editor; pre map load, took 13.884
[2022.01.27-20.10.35:166][  0]Cmd: MAP LOAD FILE="C:/Users/robin/Documents/GitHub/P5_UE4/GC_UE4CPP/Content/FoodBoyard/Map/MapLeny.umap" TEMPLATE=0 SHOWPROGRESS=1 FEATURELEVEL=3
[2022.01.27-20.10.35:166][  0]LightingResults: New page: Lighting Build
[2022.01.27-20.10.35:168][  0]LogWorld: UWorld::CleanupWorld for Untitled, bSessionEnded=true, bCleanupResources=true
[2022.01.27-20.10.35:168][  0]LogSlate: InvalidateAllWidgets triggered.  All widgets were invalidated
[2022.01.27-20.10.35:168][  0]MapCheck: New page: Map Check
[2022.01.27-20.10.35:168][  0]LightingResults: New page: Lighting Build
[2022.01.27-20.10.35:171][  0]LogAudio: Display: Audio Device unregistered from world 'None'.
[2022.01.27-20.10.35:174][  0]LogUObjectHash: Compacting FUObjectHashTables data took   0.81ms
[2022.01.27-20.10.35:451][  0]LogAudio: Display: Audio Device (ID: 1) registered with world 'MapLeny'.
[2022.01.27-20.10.35:452][  0]LogAIModule: Creating AISystem for world MapLeny
[2022.01.27-20.10.35:457][  0]LogEditorServer: Finished looking for orphan Actors (0.000 secs)
[2022.01.27-20.10.35:465][  0]LogUObjectHash: Compacting FUObjectHashTables data took   0.85ms
[2022.01.27-20.10.35:466][  0]Cmd: MAP CHECKDEP NOCLEARLOG
[2022.01.27-20.10.35:466][  0]MapCheck: Map check complete: 0 Error(s), 0 Warning(s), took 0,268ms to complete.
[2022.01.27-20.10.35:466][  0]LogFileHelpers: Loading map 'MapLeny' took 0.300
[2022.01.27-20.10.35:469][  0]LogUnrealEdMisc: Total Editor Startup Time, took 14.187
[2022.01.27-20.10.35:611][  0]LogSlate: Updating window title bar state: overlay mode, drag disabled, window buttons hidden, title bar hidden
[2022.01.27-20.10.35:617][  0]LogSlate: Updating window title bar state: overlay mode, drag disabled, window buttons hidden, title bar hidden
[2022.01.27-20.10.35:622][  0]LogSlate: Updating window title bar state: overlay mode, drag disabled, window buttons hidden, title bar hidden
[2022.01.27-20.10.35:628][  0]LogSlate: Updating window title bar state: overlay mode, drag disabled, window buttons hidden, title bar hidden
[2022.01.27-20.10.35:655][  0]LogNativeClassHierarchy: Verbose: Native class hierarchy populated in 0.0099 seconds. Added 3837 classes and 930 folders.
[2022.01.27-20.10.35:657][  0]LogNativeClassHierarchy: Verbose: Native class hierarchy updated for 'WidgetCarousel' in 0.0003 seconds. Added 0 classes and 0 folders.
[2022.01.27-20.10.35:659][  0]LogPakFile: PakFile PrimaryIndexSize=187
[2022.01.27-20.10.35:659][  0]LogPakFile: PakFile PathHashIndexSize=101
[2022.01.27-20.10.35:659][  0]LogPakFile: PakFile FullDirectoryIndexSize=148
[2022.01.27-20.10.35:659][  0]LogShaderLibrary: Display: ShaderCodeLibraryPakFileMountedCallback: PakFile 'E:/EpicGamesLibrary/UE_4.27/FeaturePacks/FP_FirstPerson.upack' (chunk index -1, root 'root:/') mounted
[2022.01.27-20.10.35:659][  0]LogShaderLibrary: Display: ShaderCodeLibraryPakFileMountedCallback: pending pak file info (ChunkID:-1 Root:root:/ File:E:/EpicGamesLibrary/UE_4.27/FeaturePacks/FP_FirstPerson.upack)
[2022.01.27-20.10.35:659][  0]LogPakFile: OnPakFileMounted2Time == 0.000057
[2022.01.27-20.10.35:659][  0]LogPakFile: PakFile PrimaryIndexSize=189
[2022.01.27-20.10.35:659][  0]LogPakFile: PakFile PathHashIndexSize=101
[2022.01.27-20.10.35:660][  0]LogPakFile: PakFile FullDirectoryIndexSize=152
[2022.01.27-20.10.35:660][  0]LogShaderLibrary: Display: ShaderCodeLibraryPakFileMountedCallback: PakFile 'E:/EpicGamesLibrary/UE_4.27/FeaturePacks/FP_FirstPersonBP.upack' (chunk index -1, root 'root:/') mounted
[2022.01.27-20.10.35:660][  0]LogShaderLibrary: Display: ShaderCodeLibraryPakFileMountedCallback: pending pak file info (ChunkID:-1 Root:root:/ File:E:/EpicGamesLibrary/UE_4.27/FeaturePacks/FP_FirstPersonBP.upack)
[2022.01.27-20.10.35:660][  0]LogPakFile: OnPakFileMounted2Time == 0.000038
[2022.01.27-20.10.35:660][  0]LogPakFile: PakFile PrimaryIndexSize=191
[2022.01.27-20.10.35:660][  0]LogPakFile: PakFile PathHashIndexSize=101
[2022.01.27-20.10.35:660][  0]LogPakFile: PakFile FullDirectoryIndexSize=160
[2022.01.27-20.10.35:660][  0]LogShaderLibrary: Display: ShaderCodeLibraryPakFileMountedCallback: PakFile 'E:/EpicGamesLibrary/UE_4.27/FeaturePacks/MobileStarterContent.upack' (chunk index -1, root 'root:/') mounted
[2022.01.27-20.10.35:660][  0]LogShaderLibrary: Display: ShaderCodeLibraryPakFileMountedCallback: pending pak file info (ChunkID:-1 Root:root:/ File:E:/EpicGamesLibrary/UE_4.27/FeaturePacks/MobileStarterContent.upack)
[2022.01.27-20.10.35:660][  0]LogPakFile: OnPakFileMounted2Time == 0.000043
[2022.01.27-20.10.35:661][  0]LogPakFile: PakFile PrimaryIndexSize=185
[2022.01.27-20.10.35:661][  0]LogPakFile: PakFile PathHashIndexSize=101
[2022.01.27-20.10.35:661][  0]LogPakFile: PakFile FullDirectoryIndexSize=148
[2022.01.27-20.10.35:661][  0]LogShaderLibrary: Display: ShaderCodeLibraryPakFileMountedCallback: PakFile 'E:/EpicGamesLibrary/UE_4.27/FeaturePacks/StarterContent.upack' (chunk index -1, root 'root:/') mounted
[2022.01.27-20.10.35:661][  0]LogShaderLibrary: Display: ShaderCodeLibraryPakFileMountedCallback: pending pak file info (ChunkID:-1 Root:root:/ File:E:/EpicGamesLibrary/UE_4.27/FeaturePacks/StarterContent.upack)
[2022.01.27-20.10.35:661][  0]LogPakFile: OnPakFileMounted2Time == 0.000032
[2022.01.27-20.10.35:662][  0]LogPakFile: PakFile PrimaryIndexSize=190
[2022.01.27-20.10.35:662][  0]LogPakFile: PakFile PathHashIndexSize=101
[2022.01.27-20.10.35:662][  0]LogPakFile: PakFile FullDirectoryIndexSize=154
[2022.01.27-20.10.35:662][  0]LogShaderLibrary: Display: ShaderCodeLibraryPakFileMountedCallback: PakFile 'E:/EpicGamesLibrary/UE_4.27/FeaturePacks/TP_2DSideScroller.upack' (chunk index -1, root 'root:/') mounted
[2022.01.27-20.10.35:662][  0]LogShaderLibrary: Display: ShaderCodeLibraryPakFileMountedCallback: pending pak file info (ChunkID:-1 Root:root:/ File:E:/EpicGamesLibrary/UE_4.27/FeaturePacks/TP_2DSideScroller.upack)
[2022.01.27-20.10.35:662][  0]LogPakFile: OnPakFileMounted2Time == 0.000036
[2022.01.27-20.10.35:662][  0]LogPakFile: PakFile PrimaryIndexSize=192
[2022.01.27-20.10.35:663][  0]LogPakFile: PakFile PathHashIndexSize=101
[2022.01.27-20.10.35:663][  0]LogPakFile: PakFile FullDirectoryIndexSize=158
[2022.01.27-20.10.35:663][  0]LogShaderLibrary: Display: ShaderCodeLibraryPakFileMountedCallback: PakFile 'E:/EpicGamesLibrary/UE_4.27/FeaturePacks/TP_2DSideScrollerBP.upack' (chunk index -1, root 'root:/') mounted
[2022.01.27-20.10.35:663][  0]LogShaderLibrary: Display: ShaderCodeLibraryPakFileMountedCallback: pending pak file info (ChunkID:-1 Root:root:/ File:E:/EpicGamesLibrary/UE_4.27/FeaturePacks/TP_2DSideScrollerBP.upack)
[2022.01.27-20.10.35:663][  0]LogPakFile: OnPakFileMounted2Time == 0.000030
[2022.01.27-20.10.35:663][  0]LogPakFile: PakFile PrimaryIndexSize=182
[2022.01.27-20.10.35:663][  0]LogPakFile: PakFile PathHashIndexSize=101
[2022.01.27-20.10.35:663][  0]LogPakFile: PakFile FullDirectoryIndexSize=138
[2022.01.27-20.10.35:663][  0]LogShaderLibrary: Display: ShaderCodeLibraryPakFileMountedCallback: PakFile 'E:/EpicGamesLibrary/UE_4.27/FeaturePacks/TP_Flying.upack' (chunk index -1, root 'root:/') mounted
[2022.01.27-20.10.35:663][  0]LogShaderLibrary: Display: ShaderCodeLibraryPakFileMountedCallback: pending pak file info (ChunkID:-1 Root:root:/ File:E:/EpicGamesLibrary/UE_4.27/FeaturePacks/TP_Flying.upack)
[2022.01.27-20.10.35:663][  0]LogPakFile: OnPakFileMounted2Time == 0.000030
[2022.01.27-20.10.35:664][  0]LogPakFile: PakFile PrimaryIndexSize=184
[2022.01.27-20.10.35:664][  0]LogPakFile: PakFile PathHashIndexSize=101
[2022.01.27-20.10.35:664][  0]LogPakFile: PakFile FullDirectoryIndexSize=142
[2022.01.27-20.10.35:664][  0]LogShaderLibrary: Display: ShaderCodeLibraryPakFileMountedCallback: PakFile 'E:/EpicGamesLibrary/UE_4.27/FeaturePacks/TP_FlyingBP.upack' (chunk index -1, root 'root:/') mounted
[2022.01.27-20.10.35:664][  0]LogShaderLibrary: Display: ShaderCodeLibraryPakFileMountedCallback: pending pak file info (ChunkID:-1 Root:root:/ File:E:/EpicGamesLibrary/UE_4.27/FeaturePacks/TP_FlyingBP.upack)
[2022.01.27-20.10.35:664][  0]LogPakFile: OnPakFileMounted2Time == 0.000045
[2022.01.27-20.10.35:665][  0]LogPakFile: PakFile PrimaryIndexSize=188
[2022.01.27-20.10.35:665][  0]LogPakFile: PakFile PathHashIndexSize=101
[2022.01.27-20.10.35:665][  0]LogPakFile: PakFile FullDirectoryIndexSize=150
[2022.01.27-20.10.35:665][  0]LogShaderLibrary: Display: ShaderCodeLibraryPakFileMountedCallback: PakFile 'E:/EpicGamesLibrary/UE_4.27/FeaturePacks/TP_HandheldARBP.upack' (chunk index -1, root 'root:/') mounted
[2022.01.27-20.10.35:665][  0]LogShaderLibrary: Display: ShaderCodeLibraryPakFileMountedCallback: pending pak file info (ChunkID:-1 Root:root:/ File:E:/EpicGamesLibrary/UE_4.27/FeaturePacks/TP_HandheldARBP.upack)
[2022.01.27-20.10.35:665][  0]LogPakFile: OnPakFileMounted2Time == 0.000034
[2022.01.27-20.10.35:666][  0]LogPakFile: PakFile PrimaryIndexSize=182
[2022.01.27-20.10.35:666][  0]LogPakFile: PakFile PathHashIndexSize=101
[2022.01.27-20.10.35:666][  0]LogPakFile: PakFile FullDirectoryIndexSize=138
[2022.01.27-20.10.35:666][  0]LogShaderLibrary: Display: ShaderCodeLibraryPakFileMountedCallback: PakFile 'E:/EpicGamesLibrary/UE_4.27/FeaturePacks/TP_Puzzle.upack' (chunk index -1, root 'root:/') mounted
[2022.01.27-20.10.35:666][  0]LogShaderLibrary: Display: ShaderCodeLibraryPakFileMountedCallback: pending pak file info (ChunkID:-1 Root:root:/ File:E:/EpicGamesLibrary/UE_4.27/FeaturePacks/TP_Puzzle.upack)
[2022.01.27-20.10.35:666][  0]LogPakFile: OnPakFileMounted2Time == 0.000038
[2022.01.27-20.10.35:667][  0]LogPakFile: PakFile PrimaryIndexSize=184
[2022.01.27-20.10.35:667][  0]LogPakFile: PakFile PathHashIndexSize=101
[2022.01.27-20.10.35:667][  0]LogPakFile: PakFile FullDirectoryIndexSize=142
[2022.01.27-20.10.35:667][  0]LogShaderLibrary: Display: ShaderCodeLibraryPakFileMountedCallback: PakFile 'E:/EpicGamesLibrary/UE_4.27/FeaturePacks/TP_PuzzleBP.upack' (chunk index -1, root 'root:/') mounted
[2022.01.27-20.10.35:667][  0]LogShaderLibrary: Display: ShaderCodeLibraryPakFileMountedCallback: pending pak file info (ChunkID:-1 Root:root:/ File:E:/EpicGamesLibrary/UE_4.27/FeaturePacks/TP_PuzzleBP.upack)
[2022.01.27-20.10.35:667][  0]LogPakFile: OnPakFileMounted2Time == 0.000047
[2022.01.27-20.10.35:667][  0]LogPakFile: PakFile PrimaryIndexSize=183
[2022.01.27-20.10.35:667][  0]LogPakFile: PakFile PathHashIndexSize=101
[2022.01.27-20.10.35:667][  0]LogPakFile: PakFile FullDirectoryIndexSize=140
[2022.01.27-20.10.35:667][  0]LogShaderLibrary: Display: ShaderCodeLibraryPakFileMountedCallback: PakFile 'E:/EpicGamesLibrary/UE_4.27/FeaturePacks/TP_Rolling.upack' (chunk index -1, root 'root:/') mounted
[2022.01.27-20.10.35:667][  0]LogShaderLibrary: Display: ShaderCodeLibraryPakFileMountedCallback: pending pak file info (ChunkID:-1 Root:root:/ File:E:/EpicGamesLibrary/UE_4.27/FeaturePacks/TP_Rolling.upack)
[2022.01.27-20.10.35:668][  0]LogPakFile: OnPakFileMounted2Time == 0.000034
[2022.01.27-20.10.35:668][  0]LogPakFile: PakFile PrimaryIndexSize=185
[2022.01.27-20.10.35:668][  0]LogPakFile: PakFile PathHashIndexSize=101
[2022.01.27-20.10.35:668][  0]LogPakFile: PakFile FullDirectoryIndexSize=144
[2022.01.27-20.10.35:668][  0]LogShaderLibrary: Display: ShaderCodeLibraryPakFileMountedCallback: PakFile 'E:/EpicGamesLibrary/UE_4.27/FeaturePacks/TP_RollingBP.upack' (chunk index -1, root 'root:/') mounted
[2022.01.27-20.10.35:668][  0]LogShaderLibrary: Display: ShaderCodeLibraryPakFileMountedCallback: pending pak file info (ChunkID:-1 Root:root:/ File:E:/EpicGamesLibrary/UE_4.27/FeaturePacks/TP_RollingBP.upack)
[2022.01.27-20.10.35:668][  0]LogPakFile: OnPakFileMounted2Time == 0.000036
[2022.01.27-20.10.35:669][  0]LogPakFile: PakFile PrimaryIndexSize=188
[2022.01.27-20.10.35:669][  0]LogPakFile: PakFile PathHashIndexSize=101
[2022.01.27-20.10.35:669][  0]LogPakFile: PakFile FullDirectoryIndexSize=150
[2022.01.27-20.10.35:669][  0]LogShaderLibrary: Display: ShaderCodeLibraryPakFileMountedCallback: PakFile 'E:/EpicGamesLibrary/UE_4.27/FeaturePacks/TP_SideScroller.upack' (chunk index -1, root 'root:/') mounted
[2022.01.27-20.10.35:669][  0]LogShaderLibrary: Display: ShaderCodeLibraryPakFileMountedCallback: pending pak file info (ChunkID:-1 Root:root:/ File:E:/EpicGamesLibrary/UE_4.27/FeaturePacks/TP_SideScroller.upack)
[2022.01.27-20.10.35:669][  0]LogPakFile: OnPakFileMounted2Time == 0.000031
[2022.01.27-20.10.35:670][  0]LogPakFile: PakFile PrimaryIndexSize=190
[2022.01.27-20.10.35:670][  0]LogPakFile: PakFile PathHashIndexSize=101
[2022.01.27-20.10.35:670][  0]LogPakFile: PakFile FullDirectoryIndexSize=154
[2022.01.27-20.10.35:670][  0]LogShaderLibrary: Display: ShaderCodeLibraryPakFileMountedCallback: PakFile 'E:/EpicGamesLibrary/UE_4.27/FeaturePacks/TP_SideScrollerBP.upack' (chunk index -1, root 'root:/') mounted
[2022.01.27-20.10.35:670][  0]LogShaderLibrary: Display: ShaderCodeLibraryPakFileMountedCallback: pending pak file info (ChunkID:-1 Root:root:/ File:E:/EpicGamesLibrary/UE_4.27/FeaturePacks/TP_SideScrollerBP.upack)
[2022.01.27-20.10.35:670][  0]LogPakFile: OnPakFileMounted2Time == 0.000031
[2022.01.27-20.10.35:670][  0]LogPakFile: PakFile PrimaryIndexSize=187
[2022.01.27-20.10.35:670][  0]LogPakFile: PakFile PathHashIndexSize=101
[2022.01.27-20.10.35:670][  0]LogPakFile: PakFile FullDirectoryIndexSize=148
[2022.01.27-20.10.35:670][  0]LogShaderLibrary: Display: ShaderCodeLibraryPakFileMountedCallback: PakFile 'E:/EpicGamesLibrary/UE_4.27/FeaturePacks/TP_ThirdPerson.upack' (chunk index -1, root 'root:/') mounted
[2022.01.27-20.10.35:670][  0]LogShaderLibrary: Display: ShaderCodeLibraryPakFileMountedCallback: pending pak file info (ChunkID:-1 Root:root:/ File:E:/EpicGamesLibrary/UE_4.27/FeaturePacks/TP_ThirdPerson.upack)
[2022.01.27-20.10.35:670][  0]LogPakFile: OnPakFileMounted2Time == 0.000041
[2022.01.27-20.10.35:671][  0]LogPakFile: PakFile PrimaryIndexSize=189
[2022.01.27-20.10.35:671][  0]LogPakFile: PakFile PathHashIndexSize=101
[2022.01.27-20.10.35:671][  0]LogPakFile: PakFile FullDirectoryIndexSize=152
[2022.01.27-20.10.35:671][  0]LogShaderLibrary: Display: ShaderCodeLibraryPakFileMountedCallback: PakFile 'E:/EpicGamesLibrary/UE_4.27/FeaturePacks/TP_ThirdPersonBP.upack' (chunk index -1, root 'root:/') mounted
[2022.01.27-20.10.35:671][  0]LogShaderLibrary: Display: ShaderCodeLibraryPakFileMountedCallback: pending pak file info (ChunkID:-1 Root:root:/ File:E:/EpicGamesLibrary/UE_4.27/FeaturePacks/TP_ThirdPersonBP.upack)
[2022.01.27-20.10.35:671][  0]LogPakFile: OnPakFileMounted2Time == 0.000030
[2022.01.27-20.10.35:672][  0]LogPakFile: PakFile PrimaryIndexSize=183
[2022.01.27-20.10.35:672][  0]LogPakFile: PakFile PathHashIndexSize=101
[2022.01.27-20.10.35:672][  0]LogPakFile: PakFile FullDirectoryIndexSize=140
[2022.01.27-20.10.35:672][  0]LogShaderLibrary: Display: ShaderCodeLibraryPakFileMountedCallback: PakFile 'E:/EpicGamesLibrary/UE_4.27/FeaturePacks/TP_TopDown.upack' (chunk index -1, root 'root:/') mounted
[2022.01.27-20.10.35:672][  0]LogShaderLibrary: Display: ShaderCodeLibraryPakFileMountedCallback: pending pak file info (ChunkID:-1 Root:root:/ File:E:/EpicGamesLibrary/UE_4.27/FeaturePacks/TP_TopDown.upack)
[2022.01.27-20.10.35:672][  0]LogPakFile: OnPakFileMounted2Time == 0.000038
[2022.01.27-20.10.35:672][  0]LogPakFile: PakFile PrimaryIndexSize=185
[2022.01.27-20.10.35:672][  0]LogPakFile: PakFile PathHashIndexSize=101
[2022.01.27-20.10.35:672][  0]LogPakFile: PakFile FullDirectoryIndexSize=144
[2022.01.27-20.10.35:672][  0]LogShaderLibrary: Display: ShaderCodeLibraryPakFileMountedCallback: PakFile 'E:/EpicGamesLibrary/UE_4.27/FeaturePacks/TP_TopDownBP.upack' (chunk index -1, root 'root:/') mounted
[2022.01.27-20.10.35:672][  0]LogShaderLibrary: Display: ShaderCodeLibraryPakFileMountedCallback: pending pak file info (ChunkID:-1 Root:root:/ File:E:/EpicGamesLibrary/UE_4.27/FeaturePacks/TP_TopDownBP.upack)
[2022.01.27-20.10.35:672][  0]LogPakFile: OnPakFileMounted2Time == 0.000041
[2022.01.27-20.10.35:673][  0]LogPakFile: PakFile PrimaryIndexSize=185
[2022.01.27-20.10.35:673][  0]LogPakFile: PakFile PathHashIndexSize=101
[2022.01.27-20.10.35:673][  0]LogPakFile: PakFile FullDirectoryIndexSize=144
[2022.01.27-20.10.35:673][  0]LogShaderLibrary: Display: ShaderCodeLibraryPakFileMountedCallback: PakFile 'E:/EpicGamesLibrary/UE_4.27/FeaturePacks/TP_TwinStick.upack' (chunk index -1, root 'root:/') mounted
[2022.01.27-20.10.35:673][  0]LogShaderLibrary: Display: ShaderCodeLibraryPakFileMountedCallback: pending pak file info (ChunkID:-1 Root:root:/ File:E:/EpicGamesLibrary/UE_4.27/FeaturePacks/TP_TwinStick.upack)
[2022.01.27-20.10.35:673][  0]LogPakFile: OnPakFileMounted2Time == 0.000031
[2022.01.27-20.10.35:674][  0]LogPakFile: PakFile PrimaryIndexSize=187
[2022.01.27-20.10.35:674][  0]LogPakFile: PakFile PathHashIndexSize=101
[2022.01.27-20.10.35:674][  0]LogPakFile: PakFile FullDirectoryIndexSize=148
[2022.01.27-20.10.35:674][  0]LogShaderLibrary: Display: ShaderCodeLibraryPakFileMountedCallback: PakFile 'E:/EpicGamesLibrary/UE_4.27/FeaturePacks/TP_TwinStickBP.upack' (chunk index -1, root 'root:/') mounted
[2022.01.27-20.10.35:674][  0]LogShaderLibrary: Display: ShaderCodeLibraryPakFileMountedCallback: pending pak file info (ChunkID:-1 Root:root:/ File:E:/EpicGamesLibrary/UE_4.27/FeaturePacks/TP_TwinStickBP.upack)
[2022.01.27-20.10.35:674][  0]LogPakFile: OnPakFileMounted2Time == 0.000030
[2022.01.27-20.10.35:674][  0]LogPakFile: PakFile PrimaryIndexSize=183
[2022.01.27-20.10.35:675][  0]LogPakFile: PakFile PathHashIndexSize=101
[2022.01.27-20.10.35:675][  0]LogPakFile: PakFile FullDirectoryIndexSize=140
[2022.01.27-20.10.35:675][  0]LogShaderLibrary: Display: ShaderCodeLibraryPakFileMountedCallback: PakFile 'E:/EpicGamesLibrary/UE_4.27/FeaturePacks/TP_Vehicle.upack' (chunk index -1, root 'root:/') mounted
[2022.01.27-20.10.35:675][  0]LogShaderLibrary: Display: ShaderCodeLibraryPakFileMountedCallback: pending pak file info (ChunkID:-1 Root:root:/ File:E:/EpicGamesLibrary/UE_4.27/FeaturePacks/TP_Vehicle.upack)
[2022.01.27-20.10.35:675][  0]LogPakFile: OnPakFileMounted2Time == 0.000037
[2022.01.27-20.10.35:675][  0]LogPakFile: PakFile PrimaryIndexSize=186
[2022.01.27-20.10.35:675][  0]LogPakFile: PakFile PathHashIndexSize=101
[2022.01.27-20.10.35:675][  0]LogPakFile: PakFile FullDirectoryIndexSize=146
[2022.01.27-20.10.35:675][  0]LogShaderLibrary: Display: ShaderCodeLibraryPakFileMountedCallback: PakFile 'E:/EpicGamesLibrary/UE_4.27/FeaturePacks/TP_VehicleAdv.upack' (chunk index -1, root 'root:/') mounted
[2022.01.27-20.10.35:675][  0]LogShaderLibrary: Display: ShaderCodeLibraryPakFileMountedCallback: pending pak file info (ChunkID:-1 Root:root:/ File:E:/EpicGamesLibrary/UE_4.27/FeaturePacks/TP_VehicleAdv.upack)
[2022.01.27-20.10.35:675][  0]LogPakFile: OnPakFileMounted2Time == 0.000031
[2022.01.27-20.10.35:676][  0]LogPakFile: PakFile PrimaryIndexSize=188
[2022.01.27-20.10.35:676][  0]LogPakFile: PakFile PathHashIndexSize=101
[2022.01.27-20.10.35:676][  0]LogPakFile: PakFile FullDirectoryIndexSize=150
[2022.01.27-20.10.35:676][  0]LogShaderLibrary: Display: ShaderCodeLibraryPakFileMountedCallback: PakFile 'E:/EpicGamesLibrary/UE_4.27/FeaturePacks/TP_VehicleAdvBP.upack' (chunk index -1, root 'root:/') mounted
[2022.01.27-20.10.35:676][  0]LogShaderLibrary: Display: ShaderCodeLibraryPakFileMountedCallback: pending pak file info (ChunkID:-1 Root:root:/ File:E:/EpicGamesLibrary/UE_4.27/FeaturePacks/TP_VehicleAdvBP.upack)
[2022.01.27-20.10.35:676][  0]LogPakFile: OnPakFileMounted2Time == 0.000031
[2022.01.27-20.10.35:677][  0]LogPakFile: PakFile PrimaryIndexSize=185
[2022.01.27-20.10.35:677][  0]LogPakFile: PakFile PathHashIndexSize=101
[2022.01.27-20.10.35:677][  0]LogPakFile: PakFile FullDirectoryIndexSize=144
[2022.01.27-20.10.35:677][  0]LogShaderLibrary: Display: ShaderCodeLibraryPakFileMountedCallback: PakFile 'E:/EpicGamesLibrary/UE_4.27/FeaturePacks/TP_VehicleBP.upack' (chunk index -1, root 'root:/') mounted
[2022.01.27-20.10.35:677][  0]LogShaderLibrary: Display: ShaderCodeLibraryPakFileMountedCallback: pending pak file info (ChunkID:-1 Root:root:/ File:E:/EpicGamesLibrary/UE_4.27/FeaturePacks/TP_VehicleBP.upack)
[2022.01.27-20.10.35:677][  0]LogPakFile: OnPakFileMounted2Time == 0.000044
[2022.01.27-20.10.35:678][  0]LogPakFile: PakFile PrimaryIndexSize=192
[2022.01.27-20.10.35:678][  0]LogPakFile: PakFile PathHashIndexSize=101
[2022.01.27-20.10.35:678][  0]LogPakFile: PakFile FullDirectoryIndexSize=158
[2022.01.27-20.10.35:678][  0]LogShaderLibrary: Display: ShaderCodeLibraryPakFileMountedCallback: PakFile 'E:/EpicGamesLibrary/UE_4.27/FeaturePacks/TP_VirtualRealityBP.upack' (chunk index -1, root 'root:/') mounted
[2022.01.27-20.10.35:678][  0]LogShaderLibrary: Display: ShaderCodeLibraryPakFileMountedCallback: pending pak file info (ChunkID:-1 Root:root:/ File:E:/EpicGamesLibrary/UE_4.27/FeaturePacks/TP_VirtualRealityBP.upack)
[2022.01.27-20.10.35:678][  0]LogPakFile: OnPakFileMounted2Time == 0.000053
[2022.01.27-20.10.35:753][  0]LogNativeClassHierarchy: Verbose: Native class hierarchy updated for 'AddContentDialog' in 0.0003 seconds. Added 0 classes and 0 folders.
[2022.01.27-20.10.35:785][  0]LogSlate: Took 0.000316 seconds to synchronously load lazily loaded font '../../../Engine/Content/Slate/Fonts/Roboto-Regular.ttf' (155K)
[2022.01.27-20.10.36:531][  0]LogSlate: Only BGRA pngs, bmps or icos are supported in by External Image Picker
[2022.01.27-20.10.36:612][  0]LogSlate: Took 0.000283 seconds to synchronously load lazily loaded font '../../../Engine/Content/Editor/Slate/Fonts/FontAwesome.ttf' (139K)
[2022.01.27-20.10.36:614][  0]LogSlate: Took 0.000243 seconds to synchronously load lazily loaded font '../../../Engine/Content/Slate/Fonts/Roboto-Bold.ttf' (160K)
[2022.01.27-20.10.36:686][  0]LogRenderer: Reallocating scene render targets to support 1280x336 Format 10 NumSamples 1 (Frame:1).
[2022.01.27-20.10.36:768][  0]LogNativeClassHierarchy: Verbose: Native class hierarchy updated for 'HierarchicalLODOutliner' in 0.0003 seconds. Added 0 classes and 0 folders.
[2022.01.27-20.10.36:768][  0]LogLoad: (Engine Initialization) Total time: 15.49 seconds
[2022.01.27-20.10.36:768][  0]LogLoad: (Engine Initialization) Total Blueprint compile time: 0.00 seconds
[2022.01.27-20.10.36:823][  0]LogAssetRegistry: Asset discovery search completed in 6.0097 seconds
[2022.01.27-20.10.36:829][  0]LogCollectionManager: Fixed up redirectors for 0 collections in 0.000004 seconds (updated 0 objects)
[2022.01.27-20.10.36:831][  0]LogContentStreaming: Texture pool size now 1000 MB
[2022.01.27-20.10.36:849][  1]LogFileCache: Retrieving MD5 hashes for directory 'C:/Users/robin/Documents/GitHub/P5_UE4/GC_UE4CPP/Content/' took 0.06s
[2022.01.27-20.10.36:891][  4]LogSlate: Took 0.000424 seconds to synchronously load lazily loaded font '../../../Engine/Content/Slate/Fonts/Roboto-Light.ttf' (167K)
[2022.01.27-20.10.42:028][607]LogSlate: Took 0.000350 seconds to synchronously load lazily loaded font '../../../Engine/Content/Slate/Fonts/Roboto-Italic.ttf' (157K)
